{"/home/travis/build/npmtest/node-npmtest-emojione/test.js":{"path":"/home/travis/build/npmtest/node-npmtest-emojione/test.js","s":{"1":2,"2":2,"3":2,"4":2,"5":2,"6":2,"7":2,"8":1,"9":2,"10":2,"11":1,"12":1,"13":1,"14":1,"15":2,"16":2,"17":2,"18":2,"19":1,"20":1,"21":2,"22":2,"23":2,"24":1,"25":1,"26":1,"27":1,"28":1,"29":1,"30":1,"31":1,"32":1,"33":1,"34":1,"35":1,"36":1,"37":1,"38":1,"39":2,"40":2,"41":1,"42":2,"43":2,"44":1,"45":2,"46":2,"47":1,"48":2,"49":2,"50":1,"51":1,"52":1,"53":1,"54":1},"b":{"1":[2,1,1,1],"2":[1,1,1,1],"3":[1,1],"4":[1,1],"5":[1,1],"6":[1,1],"7":[1,1],"8":[1,1],"9":[1,1],"10":[1,1,1],"11":[1,1],"12":[1,1],"13":[1,1],"14":[1,1],"15":[1,1],"16":[1,1],"17":[1,1]},"f":{"1":2,"2":2,"3":2,"4":2,"5":2,"6":1,"7":1,"8":1,"9":2,"10":2,"11":2,"12":2,"13":1},"fnMap":{"1":{"name":"(anonymous_1)","line":12,"loc":{"start":{"line":12,"column":1},"end":{"line":12,"column":13}}},"2":{"name":"(anonymous_2)","line":19,"loc":{"start":{"line":19,"column":5},"end":{"line":19,"column":17}}},"3":{"name":"(anonymous_3)","line":23,"loc":{"start":{"line":23,"column":24},"end":{"line":23,"column":36}}},"4":{"name":"(anonymous_4)","line":61,"loc":{"start":{"line":61,"column":5},"end":{"line":61,"column":17}}},"5":{"name":"(anonymous_5)","line":82,"loc":{"start":{"line":82,"column":5},"end":{"line":82,"column":17}}},"6":{"name":"(anonymous_6)","line":91,"loc":{"start":{"line":91,"column":77},"end":{"line":94,"column":10}}},"7":{"name":"(anonymous_7)","line":112,"loc":{"start":{"line":112,"column":83},"end":{"line":115,"column":10}},"skip":true},"8":{"name":"(anonymous_8)","line":123,"loc":{"start":{"line":123,"column":77},"end":{"line":126,"column":10}},"skip":true},"9":{"name":"(anonymous_9)","line":139,"loc":{"start":{"line":139,"column":12},"end":{"line":139,"column":40}},"skip":true},"10":{"name":"(anonymous_10)","line":147,"loc":{"start":{"line":147,"column":77},"end":{"line":150,"column":10}},"skip":true},"11":{"name":"(anonymous_11)","line":158,"loc":{"start":{"line":158,"column":83},"end":{"line":161,"column":10}},"skip":true},"12":{"name":"(anonymous_12)","line":169,"loc":{"start":{"line":169,"column":79},"end":{"line":172,"column":10}},"skip":true},"13":{"name":"(anonymous_13)","line":180,"loc":{"start":{"line":180,"column":75},"end":{"line":183,"column":10}},"skip":true}},"statementMap":{"1":{"start":{"line":12,"column":0},"end":{"line":195,"column":5}},"2":{"start":{"line":14,"column":4},"end":{"line":14,"column":14}},"3":{"start":{"line":19,"column":4},"end":{"line":56,"column":9}},"4":{"start":{"line":21,"column":8},"end":{"line":21,"column":19}},"5":{"start":{"line":23,"column":8},"end":{"line":35,"column":13}},"6":{"start":{"line":24,"column":12},"end":{"line":34,"column":13}},"7":{"start":{"line":25,"column":16},"end":{"line":28,"column":30}},"8":{"start":{"line":30,"column":16},"end":{"line":33,"column":27}},"9":{"start":{"line":37,"column":8},"end":{"line":39,"column":21}},"10":{"start":{"line":40,"column":8},"end":{"line":53,"column":9}},"11":{"start":{"line":43,"column":12},"end":{"line":46,"column":14}},"12":{"start":{"line":47,"column":12},"end":{"line":47,"column":18}},"13":{"start":{"line":50,"column":12},"end":{"line":51,"column":46}},"14":{"start":{"line":52,"column":12},"end":{"line":52,"column":18}},"15":{"start":{"line":55,"column":8},"end":{"line":55,"column":35}},"16":{"start":{"line":61,"column":4},"end":{"line":63,"column":9}},"17":{"start":{"line":62,"column":8},"end":{"line":62,"column":15}},"18":{"start":{"line":64,"column":4},"end":{"line":77,"column":5}},"19":{"start":{"line":70,"column":8},"end":{"line":70,"column":14}},"20":{"start":{"line":76,"column":8},"end":{"line":76,"column":14}},"21":{"start":{"line":82,"column":4},"end":{"line":84,"column":9}},"22":{"start":{"line":83,"column":8},"end":{"line":83,"column":15}},"23":{"start":{"line":85,"column":4},"end":{"line":194,"column":5}},"24":{"start":{"line":91,"column":8},"end":{"line":99,"column":10}},"25":{"start":{"line":98,"column":12},"end":{"line":98,"column":35}},"26":{"start":{"line":102,"column":8},"end":{"line":104,"column":63}},"27":{"start":{"line":105,"column":8},"end":{"line":105,"column":14}},"28":{"start":{"line":112,"column":8},"end":{"line":121,"column":10},"skip":true},"29":{"start":{"line":119,"column":12},"end":{"line":119,"column":55},"skip":true},"30":{"start":{"line":120,"column":12},"end":{"line":120,"column":48},"skip":true},"31":{"start":{"line":123,"column":8},"end":{"line":136,"column":10},"skip":true},"32":{"start":{"line":130,"column":12},"end":{"line":130,"column":76},"skip":true},"33":{"start":{"line":131,"column":12},"end":{"line":131,"column":73},"skip":true},"34":{"start":{"line":132,"column":12},"end":{"line":132,"column":74},"skip":true},"35":{"start":{"line":133,"column":12},"end":{"line":133,"column":79},"skip":true},"36":{"start":{"line":134,"column":12},"end":{"line":134,"column":25},"skip":true},"37":{"start":{"line":135,"column":12},"end":{"line":135,"column":45},"skip":true},"38":{"start":{"line":138,"column":8},"end":{"line":145,"column":14},"skip":true},"39":{"start":{"line":143,"column":16},"end":{"line":143,"column":29},"skip":true},"40":{"start":{"line":144,"column":16},"end":{"line":144,"column":55},"skip":true},"41":{"start":{"line":147,"column":8},"end":{"line":156,"column":10},"skip":true},"42":{"start":{"line":154,"column":12},"end":{"line":154,"column":25},"skip":true},"43":{"start":{"line":155,"column":12},"end":{"line":155,"column":45},"skip":true},"44":{"start":{"line":158,"column":8},"end":{"line":167,"column":10},"skip":true},"45":{"start":{"line":165,"column":12},"end":{"line":165,"column":25},"skip":true},"46":{"start":{"line":166,"column":12},"end":{"line":166,"column":48},"skip":true},"47":{"start":{"line":169,"column":8},"end":{"line":178,"column":10},"skip":true},"48":{"start":{"line":176,"column":12},"end":{"line":176,"column":25},"skip":true},"49":{"start":{"line":177,"column":12},"end":{"line":177,"column":46},"skip":true},"50":{"start":{"line":180,"column":8},"end":{"line":189,"column":10},"skip":true},"51":{"start":{"line":187,"column":12},"end":{"line":187,"column":94},"skip":true},"52":{"start":{"line":188,"column":12},"end":{"line":188,"column":48},"skip":true},"53":{"start":{"line":192,"column":8},"end":{"line":192,"column":35},"skip":true},"54":{"start":{"line":193,"column":8},"end":{"line":193,"column":14},"skip":true}},"branchMap":{"1":{"line":25,"type":"binary-expr","locations":[{"start":{"line":25,"column":23},"end":{"line":25,"column":62}},{"start":{"line":26,"column":20},"end":{"line":26,"column":70}},{"start":{"line":27,"column":20},"end":{"line":27,"column":71}},{"start":{"line":28,"column":20},"end":{"line":28,"column":29}}]},"2":{"line":30,"type":"binary-expr","locations":[{"start":{"line":30,"column":23},"end":{"line":30,"column":37}},{"start":{"line":31,"column":20},"end":{"line":31,"column":61}},{"start":{"line":32,"column":20},"end":{"line":32,"column":70}},{"start":{"line":33,"column":20},"end":{"line":33,"column":26}}]},"3":{"line":37,"type":"cond-expr","locations":[{"start":{"line":38,"column":14},"end":{"line":38,"column":20}},{"start":{"line":39,"column":14},"end":{"line":39,"column":20}}]},"4":{"line":40,"type":"switch","locations":[{"start":{"line":42,"column":8},"end":{"line":47,"column":18}},{"start":{"line":49,"column":8},"end":{"line":52,"column":18}}]},"5":{"line":44,"type":"binary-expr","locations":[{"start":{"line":44,"column":16},"end":{"line":44,"column":44}},{"start":{"line":44,"column":48},"end":{"line":44,"column":66}}]},"6":{"line":50,"type":"binary-expr","locations":[{"start":{"line":50,"column":21},"end":{"line":50,"column":49}},{"start":{"line":50,"column":53},"end":{"line":50,"column":72}}]},"7":{"line":64,"type":"switch","locations":[{"start":{"line":69,"column":4},"end":{"line":70,"column":14}},{"start":{"line":75,"column":4},"end":{"line":76,"column":14}}]},"8":{"line":85,"type":"switch","locations":[{"start":{"line":90,"column":4},"end":{"line":105,"column":14}},{"start":{"line":111,"column":4},"end":{"line":193,"column":14},"skip":true}]},"9":{"line":91,"type":"binary-expr","locations":[{"start":{"line":91,"column":42},"end":{"line":91,"column":73}},{"start":{"line":91,"column":77},"end":{"line":99,"column":9}}]},"10":{"line":102,"type":"binary-expr","locations":[{"start":{"line":102,"column":18},"end":{"line":102,"column":32}},{"start":{"line":103,"column":12},"end":{"line":103,"column":53}},{"start":{"line":104,"column":12},"end":{"line":104,"column":61}}]},"11":{"line":112,"type":"binary-expr","locations":[{"start":{"line":112,"column":45},"end":{"line":112,"column":79},"skip":true},{"start":{"line":112,"column":83},"end":{"line":121,"column":9},"skip":true}]},"12":{"line":123,"type":"binary-expr","locations":[{"start":{"line":123,"column":42},"end":{"line":123,"column":73},"skip":true},{"start":{"line":123,"column":77},"end":{"line":136,"column":9},"skip":true}]},"13":{"line":138,"type":"binary-expr","locations":[{"start":{"line":138,"column":48},"end":{"line":138,"column":85},"skip":true},{"start":{"line":139,"column":12},"end":{"line":145,"column":13},"skip":true}]},"14":{"line":147,"type":"binary-expr","locations":[{"start":{"line":147,"column":42},"end":{"line":147,"column":73},"skip":true},{"start":{"line":147,"column":77},"end":{"line":156,"column":9},"skip":true}]},"15":{"line":158,"type":"binary-expr","locations":[{"start":{"line":158,"column":45},"end":{"line":158,"column":79},"skip":true},{"start":{"line":158,"column":83},"end":{"line":167,"column":9},"skip":true}]},"16":{"line":169,"type":"binary-expr","locations":[{"start":{"line":169,"column":43},"end":{"line":169,"column":75},"skip":true},{"start":{"line":169,"column":79},"end":{"line":178,"column":9},"skip":true}]},"17":{"line":180,"type":"binary-expr","locations":[{"start":{"line":180,"column":41},"end":{"line":180,"column":71},"skip":true},{"start":{"line":180,"column":75},"end":{"line":189,"column":9},"skip":true}]}},"code":["/* istanbul instrument in package npmtest_emojione */","/*jslint","    bitwise: true,","    browser: true,","    maxerr: 8,","    maxlen: 96,","    node: true,","    nomen: true,","    regexp: true,","    stupid: true","*/","(function () {","    'use strict';","    var local;","","","","    // run shared js-env code - pre-init","    (function () {","        // init local","        local = {};","        // init modeJs","        local.modeJs = (function () {","            try {","                return typeof navigator.userAgent === 'string' &&","                    typeof document.querySelector('body') === 'object' &&","                    typeof XMLHttpRequest.prototype.open === 'function' &&","                    'browser';","            } catch (errorCaughtBrowser) {","                return module.exports &&","                    typeof process.versions.node === 'string' &&","                    typeof require('http').createServer === 'function' &&","                    'node';","            }","        }());","        // init global","        local.global = local.modeJs === 'browser'","            ? window","            : global;","        switch (local.modeJs) {","        // re-init local from window.local","        case 'browser':","            local = local.global.utility2.objectSetDefault(","                local.global.utility2_rollup || local.global.local,","                local.global.utility2","            );","            break;","        // re-init local from example.js","        case 'node':","            local = (local.global.utility2_rollup || require('utility2'))","                .requireExampleJsFromReadme();","            break;","        }","        // export local","        local.global.local = local;","    }());","","","","    // run shared js-env code - function","    (function () {","        return;","    }());","    switch (local.modeJs) {","","","","    // run browser js-env code - function","    case 'browser':","        break;","","","","    // run node js-env code - function","    case 'node':","        break;","    }","","","","    // run shared js-env code - post-init","    (function () {","        return;","    }());","    switch (local.modeJs) {","","","","    // run browser js-env code - post-init","    case 'browser':","        local.testCase_browser_nullCase = local.testCase_browser_nullCase || function (","            options,","            onError","        ) {","        /*","         * this function will test browsers's null-case handling-behavior-behavior","         */","            onError(null, options);","        };","","        // run tests","        local.nop(local.modeTest &&","            document.querySelector('#testRunButton1') &&","            document.querySelector('#testRunButton1').click());","        break;","","","","    // run node js-env code - post-init","    /* istanbul ignore next */","    case 'node':","        local.testCase_buildApidoc_default = local.testCase_buildApidoc_default || function (","            options,","            onError","        ) {","        /*","         * this function will test buildApidoc's default handling-behavior-behavior","         */","            options = { modulePathList: module.paths };","            local.buildApidoc(options, onError);","        };","","        local.testCase_buildApp_default = local.testCase_buildApp_default || function (","            options,","            onError","        ) {","        /*","         * this function will test buildApp's default handling-behavior-behavior","         */","            local.testCase_buildReadme_default(options, local.onErrorThrow);","            local.testCase_buildLib_default(options, local.onErrorThrow);","            local.testCase_buildTest_default(options, local.onErrorThrow);","            local.testCase_buildCustomOrg_default(options, local.onErrorThrow);","            options = [];","            local.buildApp(options, onError);","        };","","        local.testCase_buildCustomOrg_default = local.testCase_buildCustomOrg_default ||","            function (options, onError) {","            /*","             * this function will test buildCustomOrg's default handling-behavior","             */","                options = {};","                local.buildCustomOrg(options, onError);","            };","","        local.testCase_buildLib_default = local.testCase_buildLib_default || function (","            options,","            onError","        ) {","        /*","         * this function will test buildLib's default handling-behavior","         */","            options = {};","            local.buildLib(options, onError);","        };","","        local.testCase_buildReadme_default = local.testCase_buildReadme_default || function (","            options,","            onError","        ) {","        /*","         * this function will test buildReadme's default handling-behavior-behavior","         */","            options = {};","            local.buildReadme(options, onError);","        };","","        local.testCase_buildTest_default = local.testCase_buildTest_default || function (","            options,","            onError","        ) {","        /*","         * this function will test buildTest's default handling-behavior","         */","            options = {};","            local.buildTest(options, onError);","        };","","        local.testCase_webpage_default = local.testCase_webpage_default || function (","            options,","            onError","        ) {","        /*","         * this function will test webpage's default handling-behavior","         */","            options = { modeCoverageMerge: true, url: local.serverLocalHost + '?modeTest=1' };","            local.browserTest(options, onError);","        };","","        // run test-server","        local.testRunServer(local);","        break;","    }","}());",""],"l":{"12":2,"14":2,"19":2,"21":2,"23":2,"24":2,"25":2,"30":1,"37":2,"40":2,"43":1,"47":1,"50":1,"52":1,"55":2,"61":2,"62":2,"64":2,"70":1,"76":1,"82":2,"83":2,"85":2,"91":1,"98":1,"102":1,"105":1,"112":1,"119":1,"120":1,"123":1,"130":1,"131":1,"132":1,"133":1,"134":1,"135":1,"138":1,"143":2,"144":2,"147":1,"154":2,"155":2,"158":1,"165":2,"166":2,"169":1,"176":2,"177":2,"180":1,"187":1,"188":1,"192":1,"193":1}},"/home/travis/build/npmtest/node-npmtest-emojione/lib.npmtest_emojione.js":{"path":"/home/travis/build/npmtest/node-npmtest-emojione/lib.npmtest_emojione.js","s":{"1":2,"2":2,"3":2,"4":2,"5":2,"6":2,"7":2,"8":1,"9":2,"10":2,"11":2,"12":2,"13":1,"14":1,"15":1,"16":1},"b":{"1":[2,1,1,1],"2":[1,1,1,1],"3":[1,1],"4":[2,2],"5":[1,1]},"f":{"1":2,"2":2,"3":2},"fnMap":{"1":{"name":"(anonymous_1)","line":12,"loc":{"start":{"line":12,"column":1},"end":{"line":12,"column":13}}},"2":{"name":"(anonymous_2)","line":19,"loc":{"start":{"line":19,"column":5},"end":{"line":19,"column":17}}},"3":{"name":"(anonymous_3)","line":23,"loc":{"start":{"line":23,"column":24},"end":{"line":23,"column":36}}}},"statementMap":{"1":{"start":{"line":12,"column":0},"end":{"line":53,"column":5}},"2":{"start":{"line":14,"column":4},"end":{"line":14,"column":14}},"3":{"start":{"line":19,"column":4},"end":{"line":52,"column":9}},"4":{"start":{"line":21,"column":8},"end":{"line":21,"column":19}},"5":{"start":{"line":23,"column":8},"end":{"line":35,"column":13}},"6":{"start":{"line":24,"column":12},"end":{"line":34,"column":13}},"7":{"start":{"line":25,"column":16},"end":{"line":28,"column":30}},"8":{"start":{"line":30,"column":16},"end":{"line":33,"column":27}},"9":{"start":{"line":37,"column":8},"end":{"line":39,"column":21}},"10":{"start":{"line":41,"column":8},"end":{"line":41,"column":54}},"11":{"start":{"line":43,"column":8},"end":{"line":43,"column":53}},"12":{"start":{"line":45,"column":8},"end":{"line":51,"column":9}},"13":{"start":{"line":46,"column":12},"end":{"line":46,"column":59}},"14":{"start":{"line":48,"column":12},"end":{"line":48,"column":35}},"15":{"start":{"line":49,"column":12},"end":{"line":49,"column":49}},"16":{"start":{"line":50,"column":12},"end":{"line":50,"column":43}}},"branchMap":{"1":{"line":25,"type":"binary-expr","locations":[{"start":{"line":25,"column":23},"end":{"line":25,"column":62}},{"start":{"line":26,"column":20},"end":{"line":26,"column":70}},{"start":{"line":27,"column":20},"end":{"line":27,"column":71}},{"start":{"line":28,"column":20},"end":{"line":28,"column":29}}]},"2":{"line":30,"type":"binary-expr","locations":[{"start":{"line":30,"column":23},"end":{"line":30,"column":37}},{"start":{"line":31,"column":20},"end":{"line":31,"column":61}},{"start":{"line":32,"column":20},"end":{"line":32,"column":70}},{"start":{"line":33,"column":20},"end":{"line":33,"column":26}}]},"3":{"line":37,"type":"cond-expr","locations":[{"start":{"line":38,"column":14},"end":{"line":38,"column":20}},{"start":{"line":39,"column":14},"end":{"line":39,"column":20}}]},"4":{"line":41,"type":"binary-expr","locations":[{"start":{"line":41,"column":16},"end":{"line":41,"column":44}},{"start":{"line":41,"column":48},"end":{"line":41,"column":53}}]},"5":{"line":45,"type":"if","locations":[{"start":{"line":45,"column":8},"end":{"line":45,"column":8}},{"start":{"line":45,"column":8},"end":{"line":45,"column":8}}]}},"code":["/* istanbul instrument in package npmtest_emojione */","/*jslint","    bitwise: true,","    browser: true,","    maxerr: 8,","    maxlen: 96,","    node: true,","    nomen: true,","    regexp: true,","    stupid: true","*/","(function () {","    'use strict';","    var local;","","","","    // run shared js-env code - pre-init","    (function () {","        // init local","        local = {};","        // init modeJs","        local.modeJs = (function () {","            try {","                return typeof navigator.userAgent === 'string' &&","                    typeof document.querySelector('body') === 'object' &&","                    typeof XMLHttpRequest.prototype.open === 'function' &&","                    'browser';","            } catch (errorCaughtBrowser) {","                return module.exports &&","                    typeof process.versions.node === 'string' &&","                    typeof require('http').createServer === 'function' &&","                    'node';","            }","        }());","        // init global","        local.global = local.modeJs === 'browser'","            ? window","            : global;","        // init utility2_rollup","        local = local.global.utility2_rollup || local;","        // init lib","        local.local = local.npmtest_emojione = local;","        // init exports","        if (local.modeJs === 'browser') {","            local.global.utility2_npmtest_emojione = local;","        } else {","            module.exports = local;","            module.exports.__dirname = __dirname;","            module.exports.module = module;","        }","    }());","}());",""],"l":{"12":2,"14":2,"19":2,"21":2,"23":2,"24":2,"25":2,"30":1,"37":2,"41":2,"43":2,"45":2,"46":1,"48":1,"49":1,"50":1}},"/home/travis/build/npmtest/node-npmtest-emojione/example.js":{"path":"/home/travis/build/npmtest/node-npmtest-emojione/example.js","s":{"1":2,"2":2,"3":2,"4":2,"5":2,"6":2,"7":2,"8":1,"9":2,"10":2,"11":2,"12":2,"13":1,"14":2,"15":2,"16":2,"17":2,"18":2,"19":0,"20":2,"21":1,"22":1,"23":1,"24":1,"25":1,"26":0,"27":0,"28":1,"29":1,"30":2,"31":0,"32":0,"33":0,"34":1,"35":2,"36":2,"37":3,"38":3,"39":3,"40":3,"41":0,"42":3,"43":3,"44":3,"45":1,"46":3,"47":1,"48":1,"49":1,"50":1,"51":1,"52":1,"53":1,"54":1,"55":1,"56":1,"57":0,"58":1,"59":6,"60":6,"61":1,"62":2,"63":0,"64":2,"65":1,"66":1,"67":0,"68":0,"69":0,"70":0,"71":0,"72":0,"73":0,"74":0,"75":0,"76":0,"77":0,"78":0,"79":0,"80":0,"81":0,"82":0,"83":0},"b":{"1":[2,1,1,1],"2":[1,1,1,1],"3":[1,1],"4":[2,2],"5":[1,1],"6":[1,1],"7":[2,0],"8":[2,1,1,1,1,1],"9":[0,2,0],"10":[1,1],"11":[2,1,1],"12":[1,0],"13":[0,2],"14":[2,0,0,0,0,0,0],"15":[0,3],"16":[3,0],"17":[1,1],"18":[0,1],"19":[1,2,0,2],"20":[1,0],"21":[1,1],"22":[0,0],"23":[0,0],"24":[0,0],"25":[0,0],"26":[0,0],"27":[0,0],"28":[0,0]},"f":{"1":2,"2":2,"3":2,"4":2,"5":2,"6":2,"7":3,"8":3,"9":3,"10":1,"11":6,"12":0},"fnMap":{"1":{"name":"(anonymous_1)","line":26,"loc":{"start":{"line":26,"column":1},"end":{"line":26,"column":13}}},"2":{"name":"(anonymous_2)","line":33,"loc":{"start":{"line":33,"column":5},"end":{"line":33,"column":17}}},"3":{"name":"(anonymous_3)","line":37,"loc":{"start":{"line":37,"column":24},"end":{"line":37,"column":36}}},"4":{"name":"(anonymous_4)","line":69,"loc":{"start":{"line":69,"column":31},"end":{"line":69,"column":48}},"skip":true},"5":{"name":"(anonymous_5)","line":78,"loc":{"start":{"line":78,"column":26},"end":{"line":78,"column":45}},"skip":true},"6":{"name":"(anonymous_6)","line":123,"loc":{"start":{"line":123,"column":33},"end":{"line":123,"column":48}},"skip":true},"7":{"name":"(anonymous_7)","line":125,"loc":{"start":{"line":125,"column":27},"end":{"line":125,"column":39}},"skip":true},"8":{"name":"(anonymous_8)","line":133,"loc":{"start":{"line":133,"column":59},"end":{"line":133,"column":74}},"skip":true},"9":{"name":"(anonymous_9)","line":143,"loc":{"start":{"line":143,"column":45},"end":{"line":143,"column":62}},"skip":true},"10":{"name":"(anonymous_10)","line":144,"loc":{"start":{"line":144,"column":73},"end":{"line":144,"column":92}},"skip":true},"11":{"name":"(anonymous_11)","line":272,"loc":{"start":{"line":272,"column":51},"end":{"line":272,"column":77}},"skip":true},"12":{"name":"(anonymous_12)","line":315,"loc":{"start":{"line":315,"column":32},"end":{"line":315,"column":61}},"skip":true}},"statementMap":{"1":{"start":{"line":26,"column":0},"end":{"line":326,"column":5}},"2":{"start":{"line":28,"column":4},"end":{"line":28,"column":14}},"3":{"start":{"line":33,"column":4},"end":{"line":60,"column":9}},"4":{"start":{"line":35,"column":8},"end":{"line":35,"column":19}},"5":{"start":{"line":37,"column":8},"end":{"line":49,"column":13}},"6":{"start":{"line":38,"column":12},"end":{"line":48,"column":13}},"7":{"start":{"line":39,"column":16},"end":{"line":42,"column":30}},"8":{"start":{"line":44,"column":16},"end":{"line":47,"column":27}},"9":{"start":{"line":51,"column":8},"end":{"line":53,"column":21}},"10":{"start":{"line":55,"column":8},"end":{"line":57,"column":45}},"11":{"start":{"line":59,"column":8},"end":{"line":59,"column":35}},"12":{"start":{"line":61,"column":4},"end":{"line":325,"column":5}},"13":{"start":{"line":69,"column":8},"end":{"line":121,"column":10},"skip":true},"14":{"start":{"line":70,"column":12},"end":{"line":88,"column":13},"skip":true},"15":{"start":{"line":76,"column":16},"end":{"line":87,"column":19},"skip":true},"16":{"start":{"line":79,"column":20},"end":{"line":86,"column":21},"skip":true},"17":{"start":{"line":82,"column":24},"end":{"line":82,"column":43},"skip":true},"18":{"start":{"line":83,"column":24},"end":{"line":83,"column":30},"skip":true},"19":{"start":{"line":85,"column":24},"end":{"line":85,"column":49},"skip":true},"20":{"start":{"line":89,"column":12},"end":{"line":107,"column":13},"skip":true},"21":{"start":{"line":92,"column":16},"end":{"line":102,"column":17},"skip":true},"22":{"start":{"line":93,"column":20},"end":{"line":93,"column":86},"skip":true},"23":{"start":{"line":94,"column":20},"end":{"line":95,"column":45},"skip":true},"24":{"start":{"line":96,"column":20},"end":{"line":96,"column":42},"skip":true},"25":{"start":{"line":97,"column":20},"end":{"line":97,"column":48},"skip":true},"26":{"start":{"line":100,"column":20},"end":{"line":100,"column":85},"skip":true},"27":{"start":{"line":101,"column":20},"end":{"line":101,"column":96},"skip":true},"28":{"start":{"line":103,"column":16},"end":{"line":103,"column":22},"skip":true},"29":{"start":{"line":106,"column":16},"end":{"line":106,"column":22},"skip":true},"30":{"start":{"line":108,"column":12},"end":{"line":120,"column":13},"skip":true},"31":{"start":{"line":114,"column":16},"end":{"line":119,"column":17},"skip":true},"32":{"start":{"line":116,"column":20},"end":{"line":116,"column":78},"skip":true},"33":{"start":{"line":118,"column":20},"end":{"line":118,"column":47},"skip":true},"34":{"start":{"line":123,"column":8},"end":{"line":141,"column":11},"skip":true},"35":{"start":{"line":124,"column":12},"end":{"line":124,"column":54},"skip":true},"36":{"start":{"line":125,"column":12},"end":{"line":140,"column":14},"skip":true},"37":{"start":{"line":126,"column":16},"end":{"line":126,"column":28},"skip":true},"38":{"start":{"line":127,"column":16},"end":{"line":127,"column":69},"skip":true},"39":{"start":{"line":128,"column":16},"end":{"line":128,"column":75},"skip":true},"40":{"start":{"line":129,"column":16},"end":{"line":131,"column":17},"skip":true},"41":{"start":{"line":130,"column":20},"end":{"line":130,"column":27},"skip":true},"42":{"start":{"line":133,"column":16},"end":{"line":137,"column":36},"skip":true},"43":{"start":{"line":134,"column":20},"end":{"line":136,"column":55},"skip":true},"44":{"start":{"line":139,"column":16},"end":{"line":139,"column":57},"skip":true},"45":{"start":{"line":143,"column":8},"end":{"line":147,"column":11},"skip":true},"46":{"start":{"line":144,"column":12},"end":{"line":146,"column":15},"skip":true},"47":{"start":{"line":145,"column":16},"end":{"line":145,"column":70},"skip":true},"48":{"start":{"line":149,"column":8},"end":{"line":149,"column":31},"skip":true},"49":{"start":{"line":150,"column":8},"end":{"line":150,"column":14},"skip":true},"50":{"start":{"line":158,"column":8},"end":{"line":158,"column":31},"skip":true},"51":{"start":{"line":160,"column":8},"end":{"line":160,"column":33},"skip":true},"52":{"start":{"line":161,"column":8},"end":{"line":161,"column":37},"skip":true},"53":{"start":{"line":162,"column":8},"end":{"line":162,"column":35},"skip":true},"54":{"start":{"line":164,"column":8},"end":{"line":164,"column":50},"skip":true},"55":{"start":{"line":166,"column":8},"end":{"line":256,"column":2},"skip":true},"56":{"start":{"line":258,"column":8},"end":{"line":286,"column":9},"skip":true},"57":{"start":{"line":259,"column":12},"end":{"line":269,"column":14},"skip":true},"58":{"start":{"line":271,"column":12},"end":{"line":285,"column":19},"skip":true},"59":{"start":{"line":274,"column":20},"end":{"line":274,"column":35},"skip":true},"60":{"start":{"line":275,"column":20},"end":{"line":284,"column":21},"skip":true},"61":{"start":{"line":277,"column":24},"end":{"line":277,"column":64},"skip":true},"62":{"start":{"line":279,"column":24},"end":{"line":279,"column":40},"skip":true},"63":{"start":{"line":281,"column":24},"end":{"line":281,"column":40},"skip":true},"64":{"start":{"line":283,"column":24},"end":{"line":283,"column":39},"skip":true},"65":{"start":{"line":288,"column":8},"end":{"line":290,"column":9},"skip":true},"66":{"start":{"line":289,"column":12},"end":{"line":289,"column":18},"skip":true},"67":{"start":{"line":291,"column":8},"end":{"line":293,"column":54},"skip":true},"68":{"start":{"line":296,"column":8},"end":{"line":301,"column":37},"skip":true},"69":{"start":{"line":303,"column":8},"end":{"line":303,"column":82},"skip":true},"70":{"start":{"line":306,"column":8},"end":{"line":308,"column":9},"skip":true},"71":{"start":{"line":307,"column":12},"end":{"line":307,"column":82},"skip":true},"72":{"start":{"line":310,"column":8},"end":{"line":312,"column":9},"skip":true},"73":{"start":{"line":311,"column":12},"end":{"line":311,"column":18},"skip":true},"74":{"start":{"line":313,"column":8},"end":{"line":313,"column":54},"skip":true},"75":{"start":{"line":314,"column":8},"end":{"line":314,"column":69},"skip":true},"76":{"start":{"line":315,"column":8},"end":{"line":323,"column":36},"skip":true},"77":{"start":{"line":316,"column":12},"end":{"line":316,"column":61},"skip":true},"78":{"start":{"line":317,"column":12},"end":{"line":320,"column":13},"skip":true},"79":{"start":{"line":318,"column":16},"end":{"line":318,"column":75},"skip":true},"80":{"start":{"line":319,"column":16},"end":{"line":319,"column":23},"skip":true},"81":{"start":{"line":321,"column":12},"end":{"line":321,"column":38},"skip":true},"82":{"start":{"line":322,"column":12},"end":{"line":322,"column":27},"skip":true},"83":{"start":{"line":324,"column":8},"end":{"line":324,"column":14},"skip":true}},"branchMap":{"1":{"line":39,"type":"binary-expr","locations":[{"start":{"line":39,"column":23},"end":{"line":39,"column":62}},{"start":{"line":40,"column":20},"end":{"line":40,"column":70}},{"start":{"line":41,"column":20},"end":{"line":41,"column":71}},{"start":{"line":42,"column":20},"end":{"line":42,"column":29}}]},"2":{"line":44,"type":"binary-expr","locations":[{"start":{"line":44,"column":23},"end":{"line":44,"column":37}},{"start":{"line":45,"column":20},"end":{"line":45,"column":61}},{"start":{"line":46,"column":20},"end":{"line":46,"column":70}},{"start":{"line":47,"column":20},"end":{"line":47,"column":26}}]},"3":{"line":51,"type":"cond-expr","locations":[{"start":{"line":52,"column":14},"end":{"line":52,"column":20}},{"start":{"line":53,"column":14},"end":{"line":53,"column":20}}]},"4":{"line":55,"type":"binary-expr","locations":[{"start":{"line":55,"column":16},"end":{"line":55,"column":44}},{"start":{"line":55,"column":49},"end":{"line":57,"column":43}}]},"5":{"line":55,"type":"cond-expr","locations":[{"start":{"line":56,"column":14},"end":{"line":56,"column":52}},{"start":{"line":57,"column":14},"end":{"line":57,"column":43}}]},"6":{"line":61,"type":"switch","locations":[{"start":{"line":68,"column":4},"end":{"line":150,"column":14},"skip":true},{"start":{"line":156,"column":4},"end":{"line":324,"column":14},"skip":true}]},"7":{"line":70,"type":"if","locations":[{"start":{"line":70,"column":12},"end":{"line":70,"column":12},"skip":true},{"start":{"line":70,"column":12},"end":{"line":70,"column":12},"skip":true}]},"8":{"line":70,"type":"binary-expr","locations":[{"start":{"line":70,"column":16},"end":{"line":70,"column":22},"skip":true},{"start":{"line":70,"column":27},"end":{"line":70,"column":32},"skip":true},{"start":{"line":71,"column":20},"end":{"line":71,"column":39},"skip":true},{"start":{"line":72,"column":20},"end":{"line":72,"column":49},"skip":true},{"start":{"line":73,"column":20},"end":{"line":73,"column":58},"skip":true},{"start":{"line":74,"column":20},"end":{"line":74,"column":69},"skip":true}]},"9":{"line":79,"type":"switch","locations":[{"start":{"line":80,"column":20},"end":{"line":80,"column":33},"skip":true},{"start":{"line":81,"column":20},"end":{"line":83,"column":30},"skip":true},{"start":{"line":84,"column":20},"end":{"line":85,"column":49},"skip":true}]},"10":{"line":89,"type":"switch","locations":[{"start":{"line":90,"column":12},"end":{"line":103,"column":22},"skip":true},{"start":{"line":105,"column":12},"end":{"line":106,"column":22},"skip":true}]},"11":{"line":89,"type":"binary-expr","locations":[{"start":{"line":89,"column":20},"end":{"line":89,"column":25},"skip":true},{"start":{"line":89,"column":29},"end":{"line":89,"column":48},"skip":true},{"start":{"line":89,"column":52},"end":{"line":89,"column":74},"skip":true}]},"12":{"line":92,"type":"if","locations":[{"start":{"line":92,"column":16},"end":{"line":92,"column":16},"skip":true},{"start":{"line":92,"column":16},"end":{"line":92,"column":16},"skip":true}]},"13":{"line":108,"type":"if","locations":[{"start":{"line":108,"column":12},"end":{"line":108,"column":12},"skip":true},{"start":{"line":108,"column":12},"end":{"line":108,"column":12},"skip":true}]},"14":{"line":108,"type":"binary-expr","locations":[{"start":{"line":108,"column":16},"end":{"line":108,"column":61},"skip":true},{"start":{"line":108,"column":66},"end":{"line":108,"column":72},"skip":true},{"start":{"line":108,"column":77},"end":{"line":108,"column":82},"skip":true},{"start":{"line":109,"column":20},"end":{"line":109,"column":39},"skip":true},{"start":{"line":110,"column":20},"end":{"line":110,"column":49},"skip":true},{"start":{"line":111,"column":20},"end":{"line":111,"column":58},"skip":true},{"start":{"line":112,"column":20},"end":{"line":112,"column":68},"skip":true}]},"15":{"line":129,"type":"if","locations":[{"start":{"line":129,"column":16},"end":{"line":129,"column":16},"skip":true},{"start":{"line":129,"column":16},"end":{"line":129,"column":16},"skip":true}]},"16":{"line":134,"type":"cond-expr","locations":[{"start":{"line":135,"column":26},"end":{"line":135,"column":29},"skip":true},{"start":{"line":136,"column":26},"end":{"line":136,"column":54},"skip":true}]},"17":{"line":164,"type":"binary-expr","locations":[{"start":{"line":164,"column":27},"end":{"line":164,"column":43},"skip":true},{"start":{"line":164,"column":47},"end":{"line":164,"column":49},"skip":true}]},"18":{"line":258,"type":"if","locations":[{"start":{"line":258,"column":8},"end":{"line":258,"column":8},"skip":true},{"start":{"line":258,"column":8},"end":{"line":258,"column":8},"skip":true}]},"19":{"line":275,"type":"switch","locations":[{"start":{"line":276,"column":20},"end":{"line":277,"column":64},"skip":true},{"start":{"line":278,"column":20},"end":{"line":279,"column":40},"skip":true},{"start":{"line":280,"column":20},"end":{"line":281,"column":40},"skip":true},{"start":{"line":282,"column":20},"end":{"line":283,"column":39},"skip":true}]},"20":{"line":288,"type":"if","locations":[{"start":{"line":288,"column":8},"end":{"line":288,"column":8},"skip":true},{"start":{"line":288,"column":8},"end":{"line":288,"column":8},"skip":true}]},"21":{"line":288,"type":"binary-expr","locations":[{"start":{"line":288,"column":12},"end":{"line":288,"column":40},"skip":true},{"start":{"line":288,"column":44},"end":{"line":288,"column":67},"skip":true}]},"22":{"line":292,"type":"binary-expr","locations":[{"start":{"line":292,"column":12},"end":{"line":292,"column":50},"skip":true},{"start":{"line":293,"column":12},"end":{"line":293,"column":53},"skip":true}]},"23":{"line":297,"type":"binary-expr","locations":[{"start":{"line":297,"column":12},"end":{"line":297,"column":66},"skip":true},{"start":{"line":298,"column":12},"end":{"line":301,"column":36},"skip":true}]},"24":{"line":303,"type":"binary-expr","locations":[{"start":{"line":303,"column":43},"end":{"line":303,"column":75},"skip":true},{"start":{"line":303,"column":79},"end":{"line":303,"column":81},"skip":true}]},"25":{"line":306,"type":"if","locations":[{"start":{"line":306,"column":8},"end":{"line":306,"column":8},"skip":true},{"start":{"line":306,"column":8},"end":{"line":306,"column":8},"skip":true}]},"26":{"line":310,"type":"if","locations":[{"start":{"line":310,"column":8},"end":{"line":310,"column":8},"skip":true},{"start":{"line":310,"column":8},"end":{"line":310,"column":8},"skip":true}]},"27":{"line":313,"type":"binary-expr","locations":[{"start":{"line":313,"column":27},"end":{"line":313,"column":43},"skip":true},{"start":{"line":313,"column":47},"end":{"line":313,"column":53},"skip":true}]},"28":{"line":317,"type":"if","locations":[{"start":{"line":317,"column":12},"end":{"line":317,"column":12},"skip":true},{"start":{"line":317,"column":12},"end":{"line":317,"column":12},"skip":true}]}},"code":["/*","example.js","","quickstart example","","instruction","    1. save this script as example.js","    2. run the shell command:","        $ npm install npmtest-emojione && PORT=8081 node example.js","    3. play with the browser-demo on http://127.0.0.1:8081","*/","","","","/* istanbul instrument in package npmtest_emojione */","/*jslint","    bitwise: true,","    browser: true,","    maxerr: 8,","    maxlen: 96,","    node: true,","    nomen: true,","    regexp: true,","    stupid: true","*/","(function () {","    'use strict';","    var local;","","","","    // run shared js-env code - pre-init","    (function () {","        // init local","        local = {};","        // init modeJs","        local.modeJs = (function () {","            try {","                return typeof navigator.userAgent === 'string' &&","                    typeof document.querySelector('body') === 'object' &&","                    typeof XMLHttpRequest.prototype.open === 'function' &&","                    'browser';","            } catch (errorCaughtBrowser) {","                return module.exports &&","                    typeof process.versions.node === 'string' &&","                    typeof require('http').createServer === 'function' &&","                    'node';","            }","        }());","        // init global","        local.global = local.modeJs === 'browser'","            ? window","            : global;","        // init utility2_rollup","        local = local.global.utility2_rollup || (local.modeJs === 'browser'","            ? local.global.utility2_npmtest_emojione","            : global.utility2_moduleExports);","        // export local","        local.global.local = local;","    }());","    switch (local.modeJs) {","","","","    // post-init","    // run browser js-env code - post-init","    /* istanbul ignore next */","    case 'browser':","        local.testRunBrowser = function (event) {","            if (!event || (event &&","                    event.currentTarget &&","                    event.currentTarget.className &&","                    event.currentTarget.className.includes &&","                    event.currentTarget.className.includes('onreset'))) {","                // reset output","                Array.from(","                    document.querySelectorAll('body > .resettable')","                ).forEach(function (element) {","                    switch (element.tagName) {","                    case 'INPUT':","                    case 'TEXTAREA':","                        element.value = '';","                        break;","                    default:","                        element.textContent = '';","                    }","                });","            }","            switch (event && event.currentTarget && event.currentTarget.id) {","            case 'testRunButton1':","                // show tests","                if (document.querySelector('#testReportDiv1').style.display === 'none') {","                    document.querySelector('#testReportDiv1').style.display = 'block';","                    document.querySelector('#testRunButton1').textContent =","                        'hide internal test';","                    local.modeTest = true;","                    local.testRunDefault(local);","                // hide tests","                } else {","                    document.querySelector('#testReportDiv1').style.display = 'none';","                    document.querySelector('#testRunButton1').textContent = 'run internal test';","                }","                break;","            // custom-case","            default:","                break;","            }","            if (document.querySelector('#inputTextareaEval1') && (!event || (event &&","                    event.currentTarget &&","                    event.currentTarget.className &&","                    event.currentTarget.className.includes &&","                    event.currentTarget.className.includes('oneval')))) {","                // try to eval input-code","                try {","                    /*jslint evil: true*/","                    eval(document.querySelector('#inputTextareaEval1').value);","                } catch (errorCaught) {","                    console.error(errorCaught);","                }","            }","        };","        // log stderr and stdout to #outputTextareaStdout1","        ['error', 'log'].forEach(function (key) {","            console[key + '_original'] = console[key];","            console[key] = function () {","                var element;","                console[key + '_original'].apply(console, arguments);","                element = document.querySelector('#outputTextareaStdout1');","                if (!element) {","                    return;","                }","                // append text to #outputTextareaStdout1","                element.value += Array.from(arguments).map(function (arg) {","                    return typeof arg === 'string'","                        ? arg","                        : JSON.stringify(arg, null, 4);","                }).join(' ') + '\\n';","                // scroll textarea to bottom","                element.scrollTop = element.scrollHeight;","            };","        });","        // init event-handling","        ['change', 'click', 'keyup'].forEach(function (event) {","            Array.from(document.querySelectorAll('.on' + event)).forEach(function (element) {","                element.addEventListener(event, local.testRunBrowser);","            });","        });","        // run tests","        local.testRunBrowser();","        break;","","","","    // run node js-env code - post-init","    /* istanbul ignore next */","    case 'node':","        // export local","        module.exports = local;","        // require modules","        local.fs = require('fs');","        local.http = require('http');","        local.url = require('url');","        // init assets","        local.assetsDict = local.assetsDict || {};","        /* jslint-ignore-begin */","        local.assetsDict['/assets.index.template.html'] = '\\","<!doctype html>\\n\\","<html lang=\"en\">\\n\\","<head>\\n\\","<meta charset=\"UTF-8\">\\n\\","<meta name=\"viewport\" content=\"width=device-width, initial-scale=1\">\\n\\","<title>{{env.npm_package_name}} (v{{env.npm_package_version}})</title>\\n\\","<style>\\n\\","/*csslint\\n\\","    box-sizing: false,\\n\\","    universal-selector: false\\n\\","*/\\n\\","* {\\n\\","    box-sizing: border-box;\\n\\","}\\n\\","body {\\n\\","    background: #dde;\\n\\","    font-family: Arial, Helvetica, sans-serif;\\n\\","    margin: 2rem;\\n\\","}\\n\\","body > * {\\n\\","    margin-bottom: 1rem;\\n\\","}\\n\\",".utility2FooterDiv {\\n\\","    margin-top: 20px;\\n\\","    text-align: center;\\n\\","}\\n\\","</style>\\n\\","<style>\\n\\","/*csslint\\n\\","*/\\n\\","textarea {\\n\\","    font-family: monospace;\\n\\","    height: 10rem;\\n\\","    width: 100%;\\n\\","}\\n\\","textarea[readonly] {\\n\\","    background: #ddd;\\n\\","}\\n\\","</style>\\n\\","</head>\\n\\","<body>\\n\\","<!-- utility2-comment\\n\\","<div id=\"ajaxProgressDiv1\" style=\"background: #d00; height: 2px; left: 0; margin: 0; padding: 0; position: fixed; top: 0; transition: background 0.5s, width 1.5s; width: 25%;\"></div>\\n\\","utility2-comment -->\\n\\","<h1>\\n\\","<!-- utility2-comment\\n\\","    <a\\n\\","        {{#if env.npm_package_homepage}}\\n\\","        href=\"{{env.npm_package_homepage}}\"\\n\\","        {{/if env.npm_package_homepage}}\\n\\","        target=\"_blank\"\\n\\","    >\\n\\","utility2-comment -->\\n\\","        {{env.npm_package_name}} (v{{env.npm_package_version}})\\n\\","<!-- utility2-comment\\n\\","    </a>\\n\\","utility2-comment -->\\n\\","</h1>\\n\\","<h3>{{env.npm_package_description}}</h3>\\n\\","<!-- utility2-comment\\n\\","<h4><a download href=\"assets.app.js\">download standalone app</a></h4>\\n\\","<button class=\"onclick onreset\" id=\"testRunButton1\">run internal test</button><br>\\n\\","<div id=\"testReportDiv1\" style=\"display: none;\"></div>\\n\\","utility2-comment -->\\n\\","\\n\\","\\n\\","\\n\\","<label>stderr and stdout</label>\\n\\","<textarea class=\"resettable\" id=\"outputTextareaStdout1\" readonly></textarea>\\n\\","<!-- utility2-comment\\n\\","{{#if isRollup}}\\n\\","<script src=\"assets.app.js\"></script>\\n\\","{{#unless isRollup}}\\n\\","utility2-comment -->\\n\\","<script src=\"assets.utility2.rollup.js\"></script>\\n\\","<script src=\"jsonp.utility2._stateInit?callback=window.utility2._stateInit\"></script>\\n\\","<script src=\"assets.npmtest_emojione.rollup.js\"></script>\\n\\","<script src=\"assets.example.js\"></script>\\n\\","<script src=\"assets.test.js\"></script>\\n\\","<!-- utility2-comment\\n\\","{{/if isRollup}}\\n\\","utility2-comment -->\\n\\","<div class=\"utility2FooterDiv\">\\n\\","    [ this app was created with\\n\\","    <a href=\"https://github.com/kaizhu256/node-utility2\" target=\"_blank\">utility2</a>\\n\\","    ]\\n\\","</div>\\n\\","</body>\\n\\","</html>\\n\\","';","        /* jslint-ignore-end */","        if (local.templateRender) {","            local.assetsDict['/'] = local.templateRender(","                local.assetsDict['/assets.index.template.html'],","                {","                    env: local.objectSetDefault(local.env, {","                        npm_package_description: 'the greatest app in the world!',","                        npm_package_name: 'my-app',","                        npm_package_nameAlias: 'my_app',","                        npm_package_version: '0.0.1'","                    })","                }","            );","        } else {","            local.assetsDict['/'] = local.assetsDict['/assets.index.template.html']","                .replace((/\\{\\{env\\.(\\w+?)\\}\\}/g), function (match0, match1) {","                    // jslint-hack","                    String(match0);","                    switch (match1) {","                    case 'npm_package_description':","                        return 'the greatest app in the world!';","                    case 'npm_package_name':","                        return 'my-app';","                    case 'npm_package_nameAlias':","                        return 'my_app';","                    case 'npm_package_version':","                        return '0.0.1';","                    }","                });","        }","        // run the cli","        if (local.global.utility2_rollup || module !== require.main) {","            break;","        }","        local.assetsDict['/assets.example.js'] =","            local.assetsDict['/assets.example.js'] ||","            local.fs.readFileSync(__filename, 'utf8');","        // bug-workaround - long $npm_package_buildCustomOrg","        /* jslint-ignore-begin */","        local.assetsDict['/assets.npmtest_emojione.rollup.js'] =","            local.assetsDict['/assets.npmtest_emojione.rollup.js'] ||","            local.fs.readFileSync(","                local.npmtest_emojione.__dirname + '/lib.npmtest_emojione.js',","                'utf8'","            ).replace((/^#!/), '//');","        /* jslint-ignore-end */","        local.assetsDict['/favicon.ico'] = local.assetsDict['/favicon.ico'] || '';","        // if $npm_config_timeout_exit exists,","        // then exit this process after $npm_config_timeout_exit ms","        if (Number(process.env.npm_config_timeout_exit)) {","            setTimeout(process.exit, Number(process.env.npm_config_timeout_exit));","        }","        // start server","        if (local.global.utility2_serverHttp1) {","            break;","        }","        process.env.PORT = process.env.PORT || '8081';","        console.error('server starting on port ' + process.env.PORT);","        local.http.createServer(function (request, response) {","            request.urlParsed = local.url.parse(request.url);","            if (local.assetsDict[request.urlParsed.pathname] !== undefined) {","                response.end(local.assetsDict[request.urlParsed.pathname]);","                return;","            }","            response.statusCode = 404;","            response.end();","        }).listen(process.env.PORT);","        break;","    }","}());",""],"l":{"26":2,"28":2,"33":2,"35":2,"37":2,"38":2,"39":2,"44":1,"51":2,"55":2,"59":2,"61":2,"69":1,"70":2,"76":2,"79":2,"82":2,"83":2,"85":1,"89":2,"92":1,"93":1,"94":1,"96":1,"97":1,"100":1,"101":1,"103":1,"106":1,"108":2,"114":1,"116":1,"118":1,"123":1,"124":2,"125":2,"126":3,"127":3,"128":3,"129":3,"130":1,"133":3,"134":3,"139":3,"143":1,"144":3,"145":1,"149":1,"150":1,"158":1,"160":1,"161":1,"162":1,"164":1,"166":1,"258":1,"259":1,"271":1,"274":6,"275":6,"277":1,"279":2,"281":1,"283":2,"288":1,"289":1,"291":1,"296":1,"303":1,"306":1,"307":1,"310":1,"311":1,"313":1,"314":1,"315":1,"316":1,"317":1,"318":1,"319":1,"321":1,"322":1,"324":1}},"/home/travis/build/npmtest/node-npmtest-emojione/node_modules/emojione/lib/js/emojione.js":{"path":"/home/travis/build/npmtest/node-npmtest-emojione/node_modules/emojione/lib/js/emojione.js","s":{"1":1,"2":1,"3":1,"4":1,"5":2373,"6":0,"7":2373,"8":1,"9":1,"10":1,"11":1,"12":1,"13":1,"14":1,"15":1,"16":1,"17":1,"18":1,"19":1,"20":1,"21":1,"22":1,"23":1,"24":1,"25":1,"26":0,"27":0,"28":0,"29":1,"30":0,"31":0,"32":0,"33":1,"34":0,"35":0,"36":0,"37":0,"38":0,"39":0,"40":0,"41":0,"42":0,"43":1,"44":0,"45":0,"46":0,"47":0,"48":0,"49":0,"50":0,"51":0,"52":0,"53":0,"54":0,"55":0,"56":0,"57":0,"58":0,"59":0,"60":1,"61":0,"62":0,"63":0,"64":0,"65":0,"66":0,"67":0,"68":0,"69":0,"70":0,"71":0,"72":0,"73":0,"74":0,"75":0,"76":0,"77":0,"78":0,"79":0,"80":0,"81":0,"82":0,"83":0,"84":0,"85":0,"86":0,"87":0,"88":0,"89":0,"90":0,"91":0,"92":0,"93":1,"94":0,"95":0,"96":0,"97":0,"98":0,"99":0,"100":0,"101":0,"102":0,"103":0,"104":0,"105":0,"106":0,"107":0,"108":0,"109":0,"110":0,"111":0,"112":0,"113":1,"114":0,"115":0,"116":1,"117":0,"118":0,"119":0,"120":0,"121":0,"122":0,"123":0,"124":0,"125":0,"126":0,"127":0,"128":0,"129":0,"130":0,"131":0,"132":0,"133":0,"134":0,"135":1,"136":0,"137":0,"138":0,"139":1,"140":0,"141":0,"142":0,"143":1,"144":0,"145":0,"146":0,"147":0,"148":0,"149":0,"150":1,"151":0,"152":0,"153":0,"154":0,"155":0,"156":1,"157":0,"158":0,"159":0,"160":0,"161":0,"162":0,"163":0,"164":0,"165":0,"166":1,"167":0,"168":0,"169":1,"170":0,"171":0,"172":1,"173":0,"174":0,"175":0,"176":0,"177":0,"178":1,"179":0,"180":1,"181":0,"182":0,"183":0,"184":0,"185":0,"186":1,"187":1},"b":{"1":[0,2373],"2":[0,0],"3":[0,0,0],"4":[0,0],"5":[0,0],"6":[0,0,0],"7":[0,0],"8":[0,0],"9":[0,0,0],"10":[0,0],"11":[0,0,0],"12":[0,0],"13":[0,0],"14":[0,0],"15":[0,0],"16":[0,0],"17":[0,0],"18":[0,0],"19":[0,0,0],"20":[0,0],"21":[0,0],"22":[0,0],"23":[0,0],"24":[0,0],"25":[0,0],"26":[0,0,0],"27":[0,0],"28":[0,0],"29":[0,0],"30":[0,0],"31":[0,0],"32":[0,0],"33":[0,0],"34":[0,0],"35":[0,0],"36":[0,0],"37":[0,0],"38":[0,0],"39":[0,0],"40":[0,0],"41":[0,0],"42":[0,0],"43":[0,0],"44":[0,0],"45":[1,1],"46":[1,0]},"f":{"1":1,"2":0,"3":0,"4":0,"5":0,"6":0,"7":0,"8":0,"9":0,"10":0,"11":0,"12":0,"13":0,"14":0,"15":0,"16":0,"17":0,"18":0,"19":0,"20":0,"21":0,"22":0,"23":0,"24":0,"25":0,"26":0,"27":0,"28":0,"29":0,"30":0},"fnMap":{"1":{"name":"(anonymous_1)","line":5,"loc":{"start":{"line":5,"column":1},"end":{"line":5,"column":13}}},"2":{"name":"(anonymous_2)","line":164,"loc":{"start":{"line":164,"column":17},"end":{"line":164,"column":31}}},"3":{"name":"(anonymous_3)","line":173,"loc":{"start":{"line":173,"column":22},"end":{"line":173,"column":36}}},"4":{"name":"(anonymous_4)","line":181,"loc":{"start":{"line":181,"column":26},"end":{"line":181,"column":40}}},"5":{"name":"(anonymous_5)","line":188,"loc":{"start":{"line":188,"column":44},"end":{"line":188,"column":64}}},"6":{"name":"(anonymous_6)","line":207,"loc":{"start":{"line":207,"column":28},"end":{"line":207,"column":42}}},"7":{"name":"(anonymous_7)","line":210,"loc":{"start":{"line":210,"column":44},"end":{"line":210,"column":64}}},"8":{"name":"(anonymous_8)","line":225,"loc":{"start":{"line":225,"column":43},"end":{"line":225,"column":72}}},"9":{"name":"(anonymous_9)","line":240,"loc":{"start":{"line":240,"column":26},"end":{"line":240,"column":40}}},"10":{"name":"(anonymous_10)","line":243,"loc":{"start":{"line":243,"column":44},"end":{"line":243,"column":64}}},"11":{"name":"(anonymous_11)","line":280,"loc":{"start":{"line":280,"column":43},"end":{"line":280,"column":72}}},"12":{"name":"(anonymous_12)","line":318,"loc":{"start":{"line":318,"column":24},"end":{"line":318,"column":38}}},"13":{"name":"(anonymous_13)","line":322,"loc":{"start":{"line":322,"column":41},"end":{"line":322,"column":63}}},"14":{"name":"(anonymous_14)","line":365,"loc":{"start":{"line":365,"column":17},"end":{"line":365,"column":31}}},"15":{"name":"(anonymous_15)","line":372,"loc":{"start":{"line":372,"column":17},"end":{"line":372,"column":35}}},"16":{"name":"(anonymous_16)","line":403,"loc":{"start":{"line":403,"column":20},"end":{"line":403,"column":38}}},"17":{"name":"(anonymous_17)","line":412,"loc":{"start":{"line":412,"column":42},"end":{"line":412,"column":59}}},"18":{"name":"(anonymous_18)","line":416,"loc":{"start":{"line":416,"column":22},"end":{"line":416,"column":40}}},"19":{"name":"(anonymous_19)","line":435,"loc":{"start":{"line":435,"column":106},"end":{"line":435,"column":123}}},"20":{"name":"(anonymous_20)","line":440,"loc":{"start":{"line":440,"column":25},"end":{"line":440,"column":52}}},"21":{"name":"(anonymous_21)","line":450,"loc":{"start":{"line":450,"column":27},"end":{"line":450,"column":38}}},"22":{"name":"(anonymous_22)","line":453,"loc":{"start":{"line":453,"column":31},"end":{"line":453,"column":61}}},"23":{"name":"(anonymous_23)","line":460,"loc":{"start":{"line":460,"column":28},"end":{"line":460,"column":39}}},"24":{"name":"(anonymous_24)","line":464,"loc":{"start":{"line":464,"column":31},"end":{"line":464,"column":61}}},"25":{"name":"(anonymous_25)","line":475,"loc":{"start":{"line":475,"column":37},"end":{"line":475,"column":48}}},"26":{"name":"(anonymous_26)","line":480,"loc":{"start":{"line":480,"column":36},"end":{"line":480,"column":47}}},"27":{"name":"(anonymous_27)","line":486,"loc":{"start":{"line":486,"column":20},"end":{"line":486,"column":35}}},"28":{"name":"(anonymous_28)","line":498,"loc":{"start":{"line":498,"column":22},"end":{"line":498,"column":39}}},"29":{"name":"(anonymous_29)","line":502,"loc":{"start":{"line":502,"column":20},"end":{"line":502,"column":60}}},"30":{"name":"(anonymous_30)","line":507,"loc":{"start":{"line":507,"column":22},"end":{"line":507,"column":43}}}},"statementMap":{"1":{"start":{"line":5,"column":0},"end":{"line":514,"column":40}},"2":{"start":{"line":7,"column":4},"end":{"line":7,"column":230940}},"3":{"start":{"line":11,"column":4},"end":{"line":12,"column":14}},"4":{"start":{"line":13,"column":4},"end":{"line":16,"column":5}},"5":{"start":{"line":14,"column":8},"end":{"line":14,"column":61}},"6":{"start":{"line":14,"column":52},"end":{"line":14,"column":61}},"7":{"start":{"line":15,"column":8},"end":{"line":15,"column":58}},"8":{"start":{"line":17,"column":4},"end":{"line":17,"column":44}},"9":{"start":{"line":18,"column":4},"end":{"line":145,"column":6}},"10":{"start":{"line":146,"column":4},"end":{"line":146,"column":1208}},"11":{"start":{"line":148,"column":4},"end":{"line":148,"column":44487}},"12":{"start":{"line":149,"column":4},"end":{"line":149,"column":67535}},"13":{"start":{"line":150,"column":4},"end":{"line":150,"column":70}},"14":{"start":{"line":151,"column":4},"end":{"line":151,"column":70}},"15":{"start":{"line":152,"column":4},"end":{"line":152,"column":72}},"16":{"start":{"line":153,"column":4},"end":{"line":153,"column":25}},"17":{"start":{"line":154,"column":4},"end":{"line":154,"column":28}},"18":{"start":{"line":155,"column":4},"end":{"line":155,"column":23}},"19":{"start":{"line":156,"column":4},"end":{"line":156,"column":25}},"20":{"start":{"line":157,"column":4},"end":{"line":157,"column":21}},"21":{"start":{"line":158,"column":4},"end":{"line":158,"column":35}},"22":{"start":{"line":160,"column":4},"end":{"line":160,"column":158}},"23":{"start":{"line":161,"column":4},"end":{"line":161,"column":176}},"24":{"start":{"line":162,"column":4},"end":{"line":162,"column":158}},"25":{"start":{"line":164,"column":4},"end":{"line":168,"column":6}},"26":{"start":{"line":165,"column":8},"end":{"line":165,"column":37}},"27":{"start":{"line":166,"column":8},"end":{"line":166,"column":39}},"28":{"start":{"line":167,"column":8},"end":{"line":167,"column":19}},"29":{"start":{"line":173,"column":4},"end":{"line":177,"column":6}},"30":{"start":{"line":174,"column":8},"end":{"line":174,"column":30}},"31":{"start":{"line":175,"column":8},"end":{"line":175,"column":41}},"32":{"start":{"line":176,"column":8},"end":{"line":176,"column":19}},"33":{"start":{"line":181,"column":4},"end":{"line":203,"column":6}},"34":{"start":{"line":182,"column":8},"end":{"line":186,"column":57}},"35":{"start":{"line":188,"column":8},"end":{"line":201,"column":11}},"36":{"start":{"line":189,"column":12},"end":{"line":200,"column":13}},"37":{"start":{"line":191,"column":16},"end":{"line":191,"column":33}},"38":{"start":{"line":194,"column":16},"end":{"line":194,"column":106}},"39":{"start":{"line":195,"column":16},"end":{"line":199,"column":17}},"40":{"start":{"line":196,"column":20},"end":{"line":196,"column":51}},"41":{"start":{"line":198,"column":20},"end":{"line":198,"column":37}},"42":{"start":{"line":202,"column":8},"end":{"line":202,"column":19}},"43":{"start":{"line":207,"column":4},"end":{"line":238,"column":6}},"44":{"start":{"line":209,"column":8},"end":{"line":209,"column":29}},"45":{"start":{"line":210,"column":8},"end":{"line":220,"column":11}},"46":{"start":{"line":211,"column":12},"end":{"line":214,"column":13}},"47":{"start":{"line":213,"column":16},"end":{"line":213,"column":33}},"48":{"start":{"line":215,"column":12},"end":{"line":215,"column":74}},"49":{"start":{"line":216,"column":12},"end":{"line":216,"column":53}},"50":{"start":{"line":217,"column":12},"end":{"line":217,"column":47}},"51":{"start":{"line":219,"column":12},"end":{"line":219,"column":34}},"52":{"start":{"line":223,"column":8},"end":{"line":235,"column":9}},"53":{"start":{"line":225,"column":12},"end":{"line":234,"column":15}},"54":{"start":{"line":226,"column":16},"end":{"line":229,"column":17}},"55":{"start":{"line":228,"column":20},"end":{"line":228,"column":34}},"56":{"start":{"line":231,"column":16},"end":{"line":231,"column":41}},"57":{"start":{"line":232,"column":16},"end":{"line":232,"column":57}},"58":{"start":{"line":233,"column":16},"end":{"line":233,"column":46}},"59":{"start":{"line":237,"column":8},"end":{"line":237,"column":19}},"60":{"start":{"line":240,"column":4},"end":{"line":316,"column":6}},"61":{"start":{"line":242,"column":8},"end":{"line":242,"column":42}},"62":{"start":{"line":243,"column":8},"end":{"line":275,"column":11}},"63":{"start":{"line":244,"column":12},"end":{"line":274,"column":13}},"64":{"start":{"line":246,"column":16},"end":{"line":246,"column":33}},"65":{"start":{"line":249,"column":16},"end":{"line":249,"column":106}},"66":{"start":{"line":250,"column":16},"end":{"line":250,"column":72}},"67":{"start":{"line":253,"column":16},"end":{"line":253,"column":86}},"68":{"start":{"line":255,"column":16},"end":{"line":271,"column":17}},"69":{"start":{"line":256,"column":20},"end":{"line":261,"column":21}},"70":{"start":{"line":257,"column":24},"end":{"line":257,"column":113}},"71":{"start":{"line":260,"column":24},"end":{"line":260,"column":151}},"72":{"start":{"line":265,"column":20},"end":{"line":270,"column":21}},"73":{"start":{"line":266,"column":24},"end":{"line":266,"column":172}},"74":{"start":{"line":269,"column":24},"end":{"line":269,"column":181}},"75":{"start":{"line":273,"column":16},"end":{"line":273,"column":35}},"76":{"start":{"line":278,"column":8},"end":{"line":313,"column":9}},"77":{"start":{"line":280,"column":12},"end":{"line":312,"column":15}},"78":{"start":{"line":281,"column":16},"end":{"line":284,"column":17}},"79":{"start":{"line":283,"column":20},"end":{"line":283,"column":34}},"80":{"start":{"line":286,"column":16},"end":{"line":286,"column":41}},"81":{"start":{"line":287,"column":16},"end":{"line":287,"column":43}},"82":{"start":{"line":288,"column":16},"end":{"line":288,"column":80}},"83":{"start":{"line":291,"column":16},"end":{"line":291,"column":94}},"84":{"start":{"line":293,"column":16},"end":{"line":309,"column":17}},"85":{"start":{"line":294,"column":20},"end":{"line":299,"column":21}},"86":{"start":{"line":295,"column":24},"end":{"line":295,"column":117}},"87":{"start":{"line":298,"column":24},"end":{"line":298,"column":154}},"88":{"start":{"line":303,"column":20},"end":{"line":308,"column":21}},"89":{"start":{"line":304,"column":24},"end":{"line":304,"column":172}},"90":{"start":{"line":307,"column":24},"end":{"line":307,"column":184}},"91":{"start":{"line":311,"column":16},"end":{"line":311,"column":35}},"92":{"start":{"line":315,"column":8},"end":{"line":315,"column":19}},"93":{"start":{"line":318,"column":4},"end":{"line":362,"column":6}},"94":{"start":{"line":320,"column":8},"end":{"line":320,"column":54}},"95":{"start":{"line":321,"column":8},"end":{"line":321,"column":51}},"96":{"start":{"line":322,"column":8},"end":{"line":359,"column":11}},"97":{"start":{"line":323,"column":12},"end":{"line":358,"column":13}},"98":{"start":{"line":325,"column":16},"end":{"line":325,"column":35}},"99":{"start":{"line":329,"column":16},"end":{"line":329,"column":54}},"100":{"start":{"line":332,"column":16},"end":{"line":332,"column":47}},"101":{"start":{"line":333,"column":16},"end":{"line":333,"column":53}},"102":{"start":{"line":336,"column":16},"end":{"line":336,"column":82}},"103":{"start":{"line":337,"column":16},"end":{"line":337,"column":68}},"104":{"start":{"line":339,"column":16},"end":{"line":355,"column":17}},"105":{"start":{"line":340,"column":20},"end":{"line":345,"column":21}},"106":{"start":{"line":341,"column":24},"end":{"line":341,"column":113}},"107":{"start":{"line":344,"column":24},"end":{"line":344,"column":149}},"108":{"start":{"line":349,"column":20},"end":{"line":354,"column":21}},"109":{"start":{"line":350,"column":24},"end":{"line":350,"column":172}},"110":{"start":{"line":353,"column":24},"end":{"line":353,"column":149}},"111":{"start":{"line":357,"column":16},"end":{"line":357,"column":35}},"112":{"start":{"line":361,"column":8},"end":{"line":361,"column":19}},"113":{"start":{"line":365,"column":4},"end":{"line":369,"column":6}},"114":{"start":{"line":366,"column":8},"end":{"line":367,"column":63}},"115":{"start":{"line":368,"column":8},"end":{"line":368,"column":57}},"116":{"start":{"line":372,"column":4},"end":{"line":401,"column":6}},"117":{"start":{"line":373,"column":8},"end":{"line":400,"column":9}},"118":{"start":{"line":374,"column":12},"end":{"line":374,"column":27}},"119":{"start":{"line":375,"column":12},"end":{"line":375,"column":39}},"120":{"start":{"line":376,"column":12},"end":{"line":387,"column":13}},"121":{"start":{"line":377,"column":16},"end":{"line":377,"column":46}},"122":{"start":{"line":378,"column":16},"end":{"line":385,"column":17}},"123":{"start":{"line":379,"column":20},"end":{"line":379,"column":75}},"124":{"start":{"line":380,"column":20},"end":{"line":380,"column":65}},"125":{"start":{"line":381,"column":20},"end":{"line":381,"column":79}},"126":{"start":{"line":384,"column":20},"end":{"line":384,"column":53}},"127":{"start":{"line":386,"column":16},"end":{"line":386,"column":33}},"128":{"start":{"line":388,"column":12},"end":{"line":388,"column":34}},"129":{"start":{"line":391,"column":12},"end":{"line":391,"column":42}},"130":{"start":{"line":392,"column":12},"end":{"line":399,"column":13}},"131":{"start":{"line":393,"column":16},"end":{"line":393,"column":68}},"132":{"start":{"line":394,"column":16},"end":{"line":394,"column":58}},"133":{"start":{"line":395,"column":16},"end":{"line":395,"column":75}},"134":{"start":{"line":398,"column":16},"end":{"line":398,"column":46}},"135":{"start":{"line":403,"column":4},"end":{"line":415,"column":6}},"136":{"start":{"line":404,"column":8},"end":{"line":410,"column":10}},"137":{"start":{"line":412,"column":8},"end":{"line":414,"column":11}},"138":{"start":{"line":413,"column":12},"end":{"line":413,"column":34}},"139":{"start":{"line":416,"column":4},"end":{"line":438,"column":6}},"140":{"start":{"line":417,"column":8},"end":{"line":433,"column":10}},"141":{"start":{"line":435,"column":8},"end":{"line":437,"column":11}},"142":{"start":{"line":436,"column":12},"end":{"line":436,"column":36}},"143":{"start":{"line":440,"column":4},"end":{"line":448,"column":6}},"144":{"start":{"line":441,"column":8},"end":{"line":447,"column":9}},"145":{"start":{"line":442,"column":12},"end":{"line":442,"column":73}},"146":{"start":{"line":442,"column":62},"end":{"line":442,"column":71}},"147":{"start":{"line":443,"column":12},"end":{"line":446,"column":13}},"148":{"start":{"line":444,"column":16},"end":{"line":444,"column":68}},"149":{"start":{"line":445,"column":16},"end":{"line":445,"column":52}},"150":{"start":{"line":450,"column":4},"end":{"line":458,"column":6}},"151":{"start":{"line":451,"column":8},"end":{"line":456,"column":9}},"152":{"start":{"line":452,"column":12},"end":{"line":452,"column":41}},"153":{"start":{"line":453,"column":12},"end":{"line":455,"column":15}},"154":{"start":{"line":454,"column":16},"end":{"line":454,"column":61}},"155":{"start":{"line":457,"column":8},"end":{"line":457,"column":39}},"156":{"start":{"line":460,"column":4},"end":{"line":473,"column":6}},"157":{"start":{"line":461,"column":8},"end":{"line":472,"column":9}},"158":{"start":{"line":462,"column":12},"end":{"line":462,"column":33}},"159":{"start":{"line":463,"column":12},"end":{"line":463,"column":51}},"160":{"start":{"line":464,"column":12},"end":{"line":470,"column":15}},"161":{"start":{"line":465,"column":16},"end":{"line":465,"column":57}},"162":{"start":{"line":466,"column":16},"end":{"line":468,"column":17}},"163":{"start":{"line":467,"column":20},"end":{"line":467,"column":82}},"164":{"start":{"line":469,"column":16},"end":{"line":469,"column":49}},"165":{"start":{"line":471,"column":12},"end":{"line":471,"column":63}},"166":{"start":{"line":475,"column":4},"end":{"line":478,"column":6}},"167":{"start":{"line":476,"column":8},"end":{"line":476,"column":32}},"168":{"start":{"line":477,"column":8},"end":{"line":477,"column":49}},"169":{"start":{"line":480,"column":4},"end":{"line":483,"column":6}},"170":{"start":{"line":481,"column":8},"end":{"line":481,"column":32}},"171":{"start":{"line":482,"column":8},"end":{"line":482,"column":42}},"172":{"start":{"line":486,"column":4},"end":{"line":496,"column":6}},"173":{"start":{"line":487,"column":8},"end":{"line":487,"column":30}},"174":{"start":{"line":489,"column":8},"end":{"line":493,"column":9}},"175":{"start":{"line":490,"column":12},"end":{"line":492,"column":13}},"176":{"start":{"line":491,"column":16},"end":{"line":491,"column":40}},"177":{"start":{"line":495,"column":8},"end":{"line":495,"column":23}},"178":{"start":{"line":498,"column":4},"end":{"line":500,"column":6}},"179":{"start":{"line":499,"column":8},"end":{"line":499,"column":68}},"180":{"start":{"line":502,"column":4},"end":{"line":512,"column":6}},"181":{"start":{"line":503,"column":8},"end":{"line":503,"column":48}},"182":{"start":{"line":504,"column":8},"end":{"line":504,"column":154}},"183":{"start":{"line":507,"column":8},"end":{"line":509,"column":10}},"184":{"start":{"line":508,"column":12},"end":{"line":508,"column":95}},"185":{"start":{"line":511,"column":8},"end":{"line":511,"column":46}},"186":{"start":{"line":515,"column":0},"end":{"line":515,"column":62}},"187":{"start":{"line":515,"column":31},"end":{"line":515,"column":62}}},"branchMap":{"1":{"line":14,"type":"if","locations":[{"start":{"line":14,"column":8},"end":{"line":14,"column":8}},{"start":{"line":14,"column":8},"end":{"line":14,"column":8}}]},"2":{"line":189,"type":"if","locations":[{"start":{"line":189,"column":12},"end":{"line":189,"column":12}},{"start":{"line":189,"column":12},"end":{"line":189,"column":12}}]},"3":{"line":189,"type":"binary-expr","locations":[{"start":{"line":189,"column":17},"end":{"line":189,"column":49}},{"start":{"line":189,"column":55},"end":{"line":189,"column":71}},{"start":{"line":189,"column":77},"end":{"line":189,"column":108}}]},"4":{"line":195,"type":"if","locations":[{"start":{"line":195,"column":16},"end":{"line":195,"column":16}},{"start":{"line":195,"column":16},"end":{"line":195,"column":16}}]},"5":{"line":211,"type":"if","locations":[{"start":{"line":211,"column":12},"end":{"line":211,"column":12}},{"start":{"line":211,"column":12},"end":{"line":211,"column":12}}]},"6":{"line":211,"type":"binary-expr","locations":[{"start":{"line":211,"column":17},"end":{"line":211,"column":49}},{"start":{"line":211,"column":55},"end":{"line":211,"column":71}},{"start":{"line":211,"column":77},"end":{"line":211,"column":108}}]},"7":{"line":223,"type":"if","locations":[{"start":{"line":223,"column":8},"end":{"line":223,"column":8}},{"start":{"line":223,"column":8},"end":{"line":223,"column":8}}]},"8":{"line":226,"type":"if","locations":[{"start":{"line":226,"column":16},"end":{"line":226,"column":16}},{"start":{"line":226,"column":16},"end":{"line":226,"column":16}}]},"9":{"line":226,"type":"binary-expr","locations":[{"start":{"line":226,"column":21},"end":{"line":226,"column":46}},{"start":{"line":226,"column":52},"end":{"line":226,"column":61}},{"start":{"line":226,"column":67},"end":{"line":226,"column":105}}]},"10":{"line":244,"type":"if","locations":[{"start":{"line":244,"column":12},"end":{"line":244,"column":12}},{"start":{"line":244,"column":12},"end":{"line":244,"column":12}}]},"11":{"line":244,"type":"binary-expr","locations":[{"start":{"line":244,"column":17},"end":{"line":244,"column":49}},{"start":{"line":244,"column":55},"end":{"line":244,"column":71}},{"start":{"line":244,"column":77},"end":{"line":244,"column":108}}]},"12":{"line":250,"type":"cond-expr","locations":[{"start":{"line":250,"column":43},"end":{"line":250,"column":66}},{"start":{"line":250,"column":69},"end":{"line":250,"column":71}}]},"13":{"line":253,"type":"cond-expr","locations":[{"start":{"line":253,"column":40},"end":{"line":253,"column":73}},{"start":{"line":253,"column":76},"end":{"line":253,"column":85}}]},"14":{"line":255,"type":"if","locations":[{"start":{"line":255,"column":16},"end":{"line":255,"column":16}},{"start":{"line":255,"column":16},"end":{"line":255,"column":16}}]},"15":{"line":256,"type":"if","locations":[{"start":{"line":256,"column":20},"end":{"line":256,"column":20}},{"start":{"line":256,"column":20},"end":{"line":256,"column":20}}]},"16":{"line":265,"type":"if","locations":[{"start":{"line":265,"column":20},"end":{"line":265,"column":20}},{"start":{"line":265,"column":20},"end":{"line":265,"column":20}}]},"17":{"line":278,"type":"if","locations":[{"start":{"line":278,"column":8},"end":{"line":278,"column":8}},{"start":{"line":278,"column":8},"end":{"line":278,"column":8}}]},"18":{"line":281,"type":"if","locations":[{"start":{"line":281,"column":16},"end":{"line":281,"column":16}},{"start":{"line":281,"column":16},"end":{"line":281,"column":16}}]},"19":{"line":281,"type":"binary-expr","locations":[{"start":{"line":281,"column":21},"end":{"line":281,"column":46}},{"start":{"line":281,"column":52},"end":{"line":281,"column":61}},{"start":{"line":281,"column":67},"end":{"line":281,"column":105}}]},"20":{"line":288,"type":"cond-expr","locations":[{"start":{"line":288,"column":43},"end":{"line":288,"column":74}},{"start":{"line":288,"column":77},"end":{"line":288,"column":79}}]},"21":{"line":291,"type":"cond-expr","locations":[{"start":{"line":291,"column":40},"end":{"line":291,"column":73}},{"start":{"line":291,"column":76},"end":{"line":291,"column":93}}]},"22":{"line":293,"type":"if","locations":[{"start":{"line":293,"column":16},"end":{"line":293,"column":16}},{"start":{"line":293,"column":16},"end":{"line":293,"column":16}}]},"23":{"line":294,"type":"if","locations":[{"start":{"line":294,"column":20},"end":{"line":294,"column":20}},{"start":{"line":294,"column":20},"end":{"line":294,"column":20}}]},"24":{"line":303,"type":"if","locations":[{"start":{"line":303,"column":20},"end":{"line":303,"column":20}},{"start":{"line":303,"column":20},"end":{"line":303,"column":20}}]},"25":{"line":323,"type":"if","locations":[{"start":{"line":323,"column":12},"end":{"line":323,"column":12}},{"start":{"line":323,"column":12},"end":{"line":323,"column":12}}]},"26":{"line":323,"type":"binary-expr","locations":[{"start":{"line":323,"column":17},"end":{"line":323,"column":51}},{"start":{"line":323,"column":57},"end":{"line":323,"column":75}},{"start":{"line":323,"column":81},"end":{"line":323,"column":113}}]},"27":{"line":336,"type":"cond-expr","locations":[{"start":{"line":336,"column":40},"end":{"line":336,"column":73}},{"start":{"line":336,"column":76},"end":{"line":336,"column":81}}]},"28":{"line":337,"type":"cond-expr","locations":[{"start":{"line":337,"column":43},"end":{"line":337,"column":62}},{"start":{"line":337,"column":65},"end":{"line":337,"column":67}}]},"29":{"line":339,"type":"if","locations":[{"start":{"line":339,"column":16},"end":{"line":339,"column":16}},{"start":{"line":339,"column":16},"end":{"line":339,"column":16}}]},"30":{"line":340,"type":"if","locations":[{"start":{"line":340,"column":20},"end":{"line":340,"column":20}},{"start":{"line":340,"column":20},"end":{"line":340,"column":20}}]},"31":{"line":349,"type":"if","locations":[{"start":{"line":349,"column":20},"end":{"line":349,"column":20}},{"start":{"line":349,"column":20},"end":{"line":349,"column":20}}]},"32":{"line":373,"type":"if","locations":[{"start":{"line":373,"column":8},"end":{"line":373,"column":8}},{"start":{"line":373,"column":8},"end":{"line":373,"column":8}}]},"33":{"line":378,"type":"if","locations":[{"start":{"line":378,"column":16},"end":{"line":378,"column":16}},{"start":{"line":378,"column":16},"end":{"line":378,"column":16}}]},"34":{"line":378,"type":"binary-expr","locations":[{"start":{"line":378,"column":20},"end":{"line":378,"column":35}},{"start":{"line":378,"column":39},"end":{"line":378,"column":55}}]},"35":{"line":392,"type":"if","locations":[{"start":{"line":392,"column":12},"end":{"line":392,"column":12}},{"start":{"line":392,"column":12},"end":{"line":392,"column":12}}]},"36":{"line":392,"type":"binary-expr","locations":[{"start":{"line":392,"column":16},"end":{"line":392,"column":28}},{"start":{"line":392,"column":32},"end":{"line":392,"column":45}}]},"37":{"line":442,"type":"if","locations":[{"start":{"line":442,"column":12},"end":{"line":442,"column":12}},{"start":{"line":442,"column":12},"end":{"line":442,"column":12}}]},"38":{"line":451,"type":"if","locations":[{"start":{"line":451,"column":8},"end":{"line":451,"column":8}},{"start":{"line":451,"column":8},"end":{"line":451,"column":8}}]},"39":{"line":461,"type":"if","locations":[{"start":{"line":461,"column":8},"end":{"line":461,"column":8}},{"start":{"line":461,"column":8},"end":{"line":461,"column":8}}]},"40":{"line":461,"type":"binary-expr","locations":[{"start":{"line":461,"column":12},"end":{"line":461,"column":39}},{"start":{"line":461,"column":43},"end":{"line":461,"column":77}}]},"41":{"line":466,"type":"if","locations":[{"start":{"line":466,"column":16},"end":{"line":466,"column":16}},{"start":{"line":466,"column":16},"end":{"line":466,"column":16}}]},"42":{"line":490,"type":"if","locations":[{"start":{"line":490,"column":12},"end":{"line":490,"column":12}},{"start":{"line":490,"column":12},"end":{"line":490,"column":12}}]},"43":{"line":508,"type":"cond-expr","locations":[{"start":{"line":508,"column":66},"end":{"line":508,"column":72}},{"start":{"line":508,"column":75},"end":{"line":508,"column":94}}]},"44":{"line":508,"type":"binary-expr","locations":[{"start":{"line":508,"column":21},"end":{"line":508,"column":46}},{"start":{"line":508,"column":52},"end":{"line":508,"column":61}}]},"45":{"line":514,"type":"binary-expr","locations":[{"start":{"line":514,"column":18},"end":{"line":514,"column":31}},{"start":{"line":514,"column":35},"end":{"line":514,"column":37}}]},"46":{"line":515,"type":"if","locations":[{"start":{"line":515,"column":0},"end":{"line":515,"column":0}},{"start":{"line":515,"column":0},"end":{"line":515,"column":0}}]}},"code":["/* jshint maxerr: 10000 */","/* jslint unused: true */","/* jshint shadow: true */","/* jshint -W075 */","(function(ns){","    // this list must be ordered from largest length of the value array, index 0, to the shortest","    ns.emojioneList = {\":kiss_ww:\":{\"unicode\":[\"1f469-200d-2764-fe0f-200d-1f48b-200d-1f469\",\"1f469-2764-1f48b-1f469\"],\"fname\":\"1f469-2764-1f48b-1f469\",\"uc\":\"1f469-200d-2764-fe0f-200d-1f48b-200d-1f469\",\"isCanonical\": true},\":couplekiss_ww:\":{\"unicode\":[\"1f469-200d-2764-fe0f-200d-1f48b-200d-1f469\",\"1f469-2764-1f48b-1f469\"],\"fname\":\"1f469-2764-1f48b-1f469\",\"uc\":\"1f469-200d-2764-fe0f-200d-1f48b-200d-1f469\",\"isCanonical\": false},\":kiss_mm:\":{\"unicode\":[\"1f468-200d-2764-fe0f-200d-1f48b-200d-1f468\",\"1f468-2764-1f48b-1f468\"],\"fname\":\"1f468-2764-1f48b-1f468\",\"uc\":\"1f468-200d-2764-fe0f-200d-1f48b-200d-1f468\",\"isCanonical\": true},\":couplekiss_mm:\":{\"unicode\":[\"1f468-200d-2764-fe0f-200d-1f48b-200d-1f468\",\"1f468-2764-1f48b-1f468\"],\"fname\":\"1f468-2764-1f48b-1f468\",\"uc\":\"1f468-200d-2764-fe0f-200d-1f48b-200d-1f468\",\"isCanonical\": false},\":family_mmbb:\":{\"unicode\":[\"1f468-200d-1f468-200d-1f466-200d-1f466\",\"1f468-1f468-1f466-1f466\"],\"fname\":\"1f468-1f468-1f466-1f466\",\"uc\":\"1f468-200d-1f468-200d-1f466-200d-1f466\",\"isCanonical\": true},\":family_mmgb:\":{\"unicode\":[\"1f468-200d-1f468-200d-1f467-200d-1f466\",\"1f468-1f468-1f467-1f466\"],\"fname\":\"1f468-1f468-1f467-1f466\",\"uc\":\"1f468-200d-1f468-200d-1f467-200d-1f466\",\"isCanonical\": true},\":family_mmgg:\":{\"unicode\":[\"1f468-200d-1f468-200d-1f467-200d-1f467\",\"1f468-1f468-1f467-1f467\"],\"fname\":\"1f468-1f468-1f467-1f467\",\"uc\":\"1f468-200d-1f468-200d-1f467-200d-1f467\",\"isCanonical\": true},\":family_mwbb:\":{\"unicode\":[\"1f468-200d-1f469-200d-1f466-200d-1f466\",\"1f468-1f469-1f466-1f466\"],\"fname\":\"1f468-1f469-1f466-1f466\",\"uc\":\"1f468-200d-1f469-200d-1f466-200d-1f466\",\"isCanonical\": true},\":family_mwgb:\":{\"unicode\":[\"1f468-200d-1f469-200d-1f467-200d-1f466\",\"1f468-1f469-1f467-1f466\"],\"fname\":\"1f468-1f469-1f467-1f466\",\"uc\":\"1f468-200d-1f469-200d-1f467-200d-1f466\",\"isCanonical\": true},\":family_mwgg:\":{\"unicode\":[\"1f468-200d-1f469-200d-1f467-200d-1f467\",\"1f468-1f469-1f467-1f467\"],\"fname\":\"1f468-1f469-1f467-1f467\",\"uc\"
[...]
ll either add the native unicode as the alt tag, otherwise the shortname","                alt = (ns.unicodeAlt) ? ns.convert(unicode.toUpperCase()) : shortname;","","                if(ns.imageType === 'png') {","                    if(ns.sprites) {","                        replaceWith = '<span class=\"emojione emojione-'+unicode+'\" ' + title + '>'+alt+'</span>';","                    }","                    else {","                        replaceWith = '<img class=\"emojione\" alt=\"'+alt+'\" ' + title + ' src=\"'+ns.imagePathPNG+unicode+'.png'+ns.cacheBustParam+'\"/>';","                    }","                }","                else {","                    // svg","                    if(ns.sprites) {","                        replaceWith = '<svg class=\"emojione\"><description>'+alt+'</description><use xlink:href=\"'+ns.imagePathSVGSprites+'#emoji-'+unicode+'\"></use></svg>';","                    }","                    else {","                        replaceWith = '<object class=\"emojione\" data=\"'+ns.imagePathSVG+unicode+'.svg'+ns.cacheBustParam+'\" type=\"image/svg+xml\" standby=\"'+alt+'\">'+alt+'</object>';","                    }","                }","","                return replaceWith;","            }","        });","","        // if ascii smileys are turned on, then we'll replace them!","        if (ns.ascii) {","","            str = str.replace(ns.regAscii, function(entire, m1, m2, m3) {","                if( (typeof m3 === 'undefined') || (m3 === '') || (!(ns.unescapeHTML(m3) in ns.asciiList)) ) {","                    // if the ascii doesnt exist just return the entire match","                    return entire;","                }","","                m3 = ns.unescapeHTML(m3);","                unicode = ns.asciiList[m3];","                title = ns.imageTitleTag ? 'title=\"'+ns.escapeHTML(m3)+'\"' : '';","","                // depending on the settings, we'll either add the native unicode as the alt tag, otherwise the shortname","                alt = (ns.unicodeAlt) ? ns.convert(unicode.toUpperCase()) : ns.escapeHTML(m3);","","                if(ns.imageType === 'png') {","                    if(ns.sprites) {","                        replaceWith = m2+'<span class=\"emojione emojione-'+unicode+'\"  ' + title + '>'+alt+'</span>';","                    }","                    else {","                        replaceWith = m2+'<img class=\"emojione\" alt=\"'+alt+'\" ' + title + ' src=\"'+ns.imagePathPNG+unicode+'.png'+ns.cacheBustParam+'\"/>';","                    }","                }","                else {","                    // svg","                    if(ns.sprites) {","                        replaceWith = '<svg class=\"emojione\"><description>'+alt+'</description><use xlink:href=\"'+ns.imagePathSVGSprites+'#emoji-'+unicode+'\"></use></svg>';","                    }","                    else {","                        replaceWith = m2+'<object class=\"emojione\" data=\"'+ns.imagePathSVG+unicode+'.svg'+ns.cacheBustParam+'\" type=\"image/svg+xml\" standby=\"'+alt+'\">'+alt+'</object>';","                    }","                }","","                return replaceWith;","            });","        }","","        return str;","    };","","    ns.unicodeToImage = function(str) {","","        var replaceWith,unicode,short,fname,alt,title;","        var mappedUnicode = ns.mapUnicodeToShort();","        str = str.replace(ns.regUnicode, function(unicodeChar) {","            if( (typeof unicodeChar === 'undefined') || (unicodeChar === '') || (!(unicodeChar in ns.jsEscapeMap)) ) {","                // if the unicodeChar doesnt exist just return the entire match","                return unicodeChar;","            }","            else {","                // get the unicode codepoint from the actual char","                unicode = ns.jsEscapeMap[unicodeChar];","","                //then map to shortname and locate the filename","                short = mappedUnicode[unicode];","                fname = ns.emojioneList[short].fname;","","                // depending on the settings, we'll either add the native unicode as the alt tag, otherwise the shortname","                alt = (ns.unicodeAlt) ? ns.convert(unicode.toUpperCase()) : short;","                title = ns.imageTitleTag ? 'title=\"'+short+'\"' : '';","","                if(ns.imageType === 'png') {","                    if(ns.sprites) {","                        replaceWith = '<span class=\"emojione emojione-'+unicode+'\" ' + title + '>'+alt+'</span>';","                    }","                    else {","                        replaceWith = '<img class=\"emojione\" alt=\"'+alt+'\" ' + title + ' src=\"'+ns.imagePathPNG+fname+'.png'+ns.cacheBustParam+'\"/>';","                    }","                }","                else {","                    // svg","                    if(ns.sprites) {","                        replaceWith = '<svg class=\"emojione\"><description>'+alt+'</description><use xlink:href=\"'+ns.imagePathSVGSprites+'#emoji-'+unicode+'\"></use></svg>';","                    }","                    else {","                        replaceWith = '<img class=\"emojione\" alt=\"'+alt+'\" ' + title + ' src=\"'+ns.imagePathSVG+fname+'.svg'+ns.cacheBustParam+'\"/>';","                    }","                }","","                return replaceWith;","            }","        });","","        return str;","    };","","    // this is really just unicodeToShortname() but I opted for the shorthand name to match toImage()","    ns.toShort = function(str) {","        var find = ns.getUnicodeReplacementRegEx(),","            replacementList = ns.mapUnicodeCharactersToShort();","        return  ns.replaceAll(str, find,replacementList);","    };","","    // for converting unicode code points and code pairs to their respective characters","    ns.convert = function(unicode) {","        if(unicode.indexOf(\"-\") > -1) {","            var parts = [];","            var s = unicode.split('-');","            for(var i = 0; i < s.length; i++) {","                var part = parseInt(s[i], 16);","                if (part >= 0x10000 && part <= 0x10FFFF) {","                    var hi = Math.floor((part - 0x10000) / 0x400) + 0xD800;","                    var lo = ((part - 0x10000) % 0x400) + 0xDC00;","                    part = (String.fromCharCode(hi) + String.fromCharCode(lo));","                }","                else {","                    part = String.fromCharCode(part);","                }","                parts.push(part);","            }","            return parts.join('');","        }","        else {","            var s = parseInt(unicode, 16);","            if (s >= 0x10000 && s <= 0x10FFFF) {","                var hi = Math.floor((s - 0x10000) / 0x400) + 0xD800;","                var lo = ((s - 0x10000) % 0x400) + 0xDC00;","                return (String.fromCharCode(hi) + String.fromCharCode(lo));","            }","            else {","                return String.fromCharCode(s);","            }","        }","    };","","    ns.escapeHTML = function (string) {","        var escaped = {","            '&' : '&amp;',","            '<' : '&lt;',","            '>' : '&gt;',","            '\"' : '&quot;',","            '\\'': '&#039;'","        };","","        return string.replace(/[&<>\"']/g, function (match) {","            return escaped[match];","        });","    };","    ns.unescapeHTML = function (string) {","        var unescaped = {","            '&amp;'  : '&',","            '&#38;'  : '&',","            '&#x26;' : '&',","            '&lt;'   : '<',","            '&#60;'  : '<',","            '&#x3C;' : '<',","            '&gt;'   : '>',","            '&#62;'  : '>',","            '&#x3E;' : '>',","            '&quot;' : '\"',","            '&#34;'  : '\"',","            '&#x22;' : '\"',","            '&apos;' : '\\'',","            '&#39;'  : '\\'',","            '&#x27;' : '\\''","        };","","        return string.replace(/&(?:amp|#38|#x26|lt|#60|#x3C|gt|#62|#x3E|apos|#39|#x27|quot|#34|#x22);/ig, function (match) {","            return unescaped[match];","        });","    };","","    ns.mapEmojioneList = function (addToMapStorage) {","        for (var shortname in ns.emojioneList) {","            if (!ns.emojioneList.hasOwnProperty(shortname)) { continue; }","            for (var i = 0, len = ns.emojioneList[shortname].unicode.length; i < len; i++) {","                var unicode = ns.emojioneList[shortname].unicode[i];","                addToMapStorage(unicode, shortname);","            }","        }","    };","","    ns.mapUnicodeToShort = function() {","        if (!ns.memMapShortToUnicode) {","            ns.memMapShortToUnicode = {};","            ns.mapEmojioneList(function (unicode, shortname) {","                ns.memMapShortToUnicode[unicode] = shortname;","            });","        }","        return ns.memMapShortToUnicode;","    };","","    ns.memoizeReplacement = function() {","        if (!ns.unicodeReplacementRegEx || !ns.memMapShortToUnicodeCharacters) {","            var unicodeList = [];","            ns.memMapShortToUnicodeCharacters = {};","            ns.mapEmojioneList(function (unicode, shortname) {","                var emojiCharacter = ns.convert(unicode);","                if(ns.emojioneList[shortname].isCanonical) {","                    ns.memMapShortToUnicodeCharacters[emojiCharacter] = shortname;","                }","                unicodeList.push(emojiCharacter);","            });","            ns.unicodeReplacementRegEx = unicodeList.join('|');","        }","    };","","    ns.mapUnicodeCharactersToShort = function() {","        ns.memoizeReplacement();","        return ns.memMapShortToUnicodeCharacters;","    };","","    ns.getUnicodeReplacementRegEx = function() {","        ns.memoizeReplacement();","        return ns.unicodeReplacementRegEx;","    };","","    //reverse an object","    ns.objectFlip = function (obj) {","        var key, tmp_obj = {};","","        for (key in obj) {","            if (obj.hasOwnProperty(key)) {","                tmp_obj[obj[key]] = key;","            }","        }","","        return tmp_obj;","    };","","    ns.escapeRegExp = function(string) {","        return string.replace(/[-[\\]{}()*+?.,;:&\\\\^$#\\s]/g, \"\\\\$&\");","    };","","    ns.replaceAll = function(string, find, replacementList) {","        var escapedFind = ns.escapeRegExp(find);","        var search = new RegExp(\"<object[^>]*>.*?<\\/object>|<span[^>]*>.*?<\\/span>|<(?:object|embed|svg|img|div|span|p|a)[^>]*>|(\"+escapedFind+\")\", \"gi\");","","        // callback prevents replacing anything inside of these common html tags as well as between an <object></object> tag","        var replace = function(entire, m1) {","            return ((typeof m1 === 'undefined') || (m1 === '')) ? entire : replacementList[m1];","        };","","        return string.replace(search,replace);","    };","","}(this.emojione = this.emojione || {}));","if(typeof module === \"object\") module.exports = this.emojione;"],"l":{"5":1,"7":1,"11":1,"13":1,"14":2373,"15":2373,"17":1,"18":1,"146":1,"148":1,"149":1,"150":1,"151":1,"152":1,"153":1,"154":1,"155":1,"156":1,"157":1,"158":1,"160":1,"161":1,"162":1,"164":1,"165":0,"166":0,"167":0,"173":1,"174":0,"175":0,"176":0,"181":1,"182":0,"188":0,"189":0,"191":0,"194":0,"195":0,"196":0,"198":0,"202":0,"207":1,"209":0,"210":0,"211":0,"213":0,"215":0,"216":0,"217":0,"219":0,"223":0,"225":0,"226":0,"228":0,"231":0,"232":0,"233":0,"237":0,"240":1,"242":0,"243":0,"244":0,"246":0,"249":0,"250":0,"253":0,"255":0,"256":0,"257":0,"260":0,"265":0,"266":0,"269":0,"273":0,"278":0,"280":0,"281":0,"283":0,"286":0,"287":0,"288":0,"291":0,"293":0,"294":0,"295":0,"298":0,"303":0,"304":0,"307":0,"311":0,"315":0,"318":1,"320":0,"321":0,"322":0,"323":0,"325":0,"329":0,"332":0,"333":0,"336":0,"337":0,"339":0,"340":0,"341":0,"344":0,"349":0,"350":0,"353":0,"357":0,"361":0,"365":1,"366":0,"368":0,"372":1,"373":0,"374":0,"375":0,"376":0,"377":0,"378":0,"379":0,"380":0,"381":0,"384":0,"386":0,"388":0,"391":0,"392":0,"393":0,"394":0,"395":0,"398":0,"403":1,"404":0,"412":0,"413":0,"416":1,"417":0,"435":0,"436":0,"440":1,"441":0,"442":0,"443":0,"444":0,"445":0,"450":1,"451":0,"452":0,"453":0,"454":0,"457":0,"460":1,"461":0,"462":0,"463":0,"464":0,"465":0,"466":0,"467":0,"469":0,"471":0,"475":1,"476":0,"477":0,"480":1,"481":0,"482":0,"486":1,"487":0,"489":0,"490":0,"491":0,"495":0,"498":1,"499":0,"502":1,"503":0,"504":0,"507":0,"508":0,"511":0,"515":1}},"/home/travis/build/npmtest/node-npmtest-emojione/node_modules/emojione/gruntfile.js":{"path":"/home/travis/build/npmtest/node-npmtest-emojione/node_modules/emojione/gruntfile.js","s":{"1":1,"2":0,"3":0,"4":0,"5":0,"6":0,"7":0,"8":0,"9":0,"10":0,"11":0,"12":0,"13":0,"14":0,"15":0},"b":{},"f":{"1":0,"2":0},"fnMap":{"1":{"name":"(anonymous_1)","line":1,"loc":{"start":{"line":1,"column":17},"end":{"line":1,"column":33}}},"2":{"name":"(anonymous_2)","line":20,"loc":{"start":{"line":20,"column":29},"end":{"line":20,"column":47}}}},"statementMap":{"1":{"start":{"line":1,"column":0},"end":{"line":106,"column":2}},"2":{"start":{"line":2,"column":4},"end":{"line":92,"column":7}},"3":{"start":{"line":21,"column":20},"end":{"line":21,"column":60}},"4":{"start":{"line":93,"column":4},"end":{"line":93,"column":44}},"5":{"start":{"line":94,"column":4},"end":{"line":94,"column":45}},"6":{"start":{"line":95,"column":4},"end":{"line":95,"column":41}},"7":{"start":{"line":96,"column":4},"end":{"line":96,"column":47}},"8":{"start":{"line":97,"column":4},"end":{"line":97,"column":47}},"9":{"start":{"line":98,"column":4},"end":{"line":98,"column":41}},"10":{"start":{"line":99,"column":4},"end":{"line":99,"column":46}},"11":{"start":{"line":100,"column":4},"end":{"line":100,"column":47}},"12":{"start":{"line":101,"column":4},"end":{"line":101,"column":43}},"13":{"start":{"line":102,"column":4},"end":{"line":102,"column":46}},"14":{"start":{"line":104,"column":4},"end":{"line":104,"column":97}},"15":{"start":{"line":105,"column":4},"end":{"line":105,"column":44}}},"branchMap":{},"code":["module.exports = function(grunt) {","    grunt.initConfig({","        pkg: grunt.file.readJSON('package.json'),","        jshint: {","            files: ['gruntfile.js', 'lib/js/emojione.js']","        },","        jsonlint: {","            files: {","                src: ['emoji.json','emoji_strategy.json']","            }","        },","        // BUILD PNG SPRITES","        sprite:{","            pngsprites: {","                src: 'assets/png/*.png',","                dest: 'assets/sprites/emojione.sprites.png',","                destCss: 'assets/sprites/emojione.sprites.css',","                'cssTemplate': 'assets/sprites/emojione.sprites.mustache',","                'algorithm': 'binary-tree',","                'cssVarMap': function (sprite) {","                    sprite.name = 'emojione-' + sprite.name;","                },","                padding: 1","            }","","        },","        // BUILD EMOJI ONE AWESOME CSS (SASS -> CSS)","        sass: {","            dist: {","                options: {","                    'sourcemap': 'none'","                },","                files: {","                    'assets/css/emojione-awesome.css': 'lib/emojione-awesome/emojione-awesome.scss'","                }","            }","        },","       // BUILD SVG SPRITES","       svgstore: {","          options: {","            prefix : 'emoji-', // symbol ID prefix","            svg: {","              viewBox : '0 0 64 64',","              xmlns: 'http://www.w3.org/2000/svg',","              \"xmlns:xlink\": \"http://www.w3.org/1999/xlink\"","            }","          },","          default : {","            files: {","              'assets/sprites/emojione.sprites.svg': ['assets/svg/*.svg']","            }","          }","        },","        uglify: {","            options: {","                // the banner is inserted at the top of the output","                banner: '/*! <%= pkg.name %> <%= grunt.template.today(\"dd-mm-yyyy\") %> */\\n'","            },","            dist: {","                files: {","                    'lib/js/<%= pkg.name %>.min.js': ['lib/js/<%= pkg.name %>.js']","                }","            }","        },","        // OPTIMIZE PNGs","        imageoptim: {","            pngs: {","                src: ['assets/png', 'assets/png']","            },","            sprite: {","                src: ['assets/sprites', 'assets/sprites']","            }","        },","        // Minify Project CSS","        cssmin: {","            target: {","                files: {","                    'assets/css/emojione.min.css': ['assets/css/emojione.css'],","                    'assets/sprites/emojione.sprites.css': ['assets/sprites/emojione.sprites.css']","                }","            }","        },","        watch: {","            files: ['<%= jshint.files %>'],","            tasks: ['jshint']","        },","        // run QUnit tests","        qunit: {","            all: ['lib/js/tests/tests.html']","        }","","    });","    grunt.loadNpmTasks('grunt-spritesmith');","    grunt.loadNpmTasks('grunt-contrib-sass');","    grunt.loadNpmTasks('grunt-svgstore');","    grunt.loadNpmTasks('grunt-contrib-uglify');","    grunt.loadNpmTasks('grunt-contrib-jshint');","    grunt.loadNpmTasks('grunt-jsonlint');","    grunt.loadNpmTasks('grunt-contrib-watch');","    grunt.loadNpmTasks('grunt-contrib-cssmin');","    grunt.loadNpmTasks('grunt-imageoptim');","    grunt.loadNpmTasks('grunt-contrib-qunit');","    //grunt.registerTask('default', ['jshint','jsonlint', 'sprite:pngsprites', 'sass', 'svgstore', 'uglify', 'cssmin', 'imageoptim']);","    grunt.registerTask('default', ['jshint','jsonlint', 'sass', 'svgstore', 'uglify', 'cssmin']);","    grunt.registerTask('travis', ['qunit']);","};"],"l":{"1":1,"2":0,"21":0,"93":0,"94":0,"95":0,"96":0,"97":0,"98":0,"99":0,"100":0,"101":0,"102":0,"104":0,"105":0}},"/home/travis/build/npmtest/node-npmtest-emojione/node_modules/emojione/package.js":{"path":"/home/travis/build/npmtest/node-npmtest-emojione/node_modules/emojione/package.js","s":{"1":2,"2":0,"3":0,"4":0,"5":0,"6":0,"7":0,"8":0,"9":0,"10":0},"b":{},"f":{"1":0},"fnMap":{"1":{"name":"(anonymous_1)","line":8,"loc":{"start":{"line":8,"column":14},"end":{"line":8,"column":28}}}},"statementMap":{"1":{"start":{"line":1,"column":0},"end":{"line":6,"column":3}},"2":{"start":{"line":8,"column":0},"end":{"line":33,"column":3}},"3":{"start":{"line":9,"column":2},"end":{"line":9,"column":30}},"4":{"start":{"line":11,"column":2},"end":{"line":15,"column":5}},"5":{"start":{"line":17,"column":2},"end":{"line":21,"column":15}},"6":{"start":{"line":23,"column":2},"end":{"line":26,"column":15}},"7":{"start":{"line":28,"column":2},"end":{"line":28,"column":65}},"8":{"start":{"line":29,"column":2},"end":{"line":29,"column":65}},"9":{"start":{"line":30,"column":2},"end":{"line":30,"column":65}},"10":{"start":{"line":32,"column":2},"end":{"line":32,"column":25}}},"branchMap":{},"code":["Package.describe({","  name: 'emojione:emojione',","  summary: 'Meteor Package of http://www.emojione.com/ set',","  version: '2.2.7',","  git: 'https://github.com/Ranks/emojione.git'","});","","Package.onUse(function(api) {","  api.versionsFrom('1.0.2.1');","","  api.addFiles([","    'lib/meteor/pre-export.js',","    'lib/js/emojione.js',","    'lib/meteor/post-export.js',","  ]);","","  api.use([","    'blaze',","    'htmljs',","    'templating',","  ], 'client');","","  api.addFiles([","    'lib/meteor/emojione-client.js',","    'assets/css/emojione.css',","  ], 'client');","","  api.addAssets('assets/sprites/emojione.sprites.css', 'client');","  api.addAssets('assets/sprites/emojione.sprites.svg', 'client');","  api.addAssets('assets/sprites/emojione.sprites.png', 'client');","","  api.export('emojione');","});",""],"l":{"1":2,"8":0,"9":0,"11":0,"17":0,"23":0,"28":0,"29":0,"30":0,"32":0}}}